2019-05-27 15:25:42,504 INFO 19772 [egg:logger] init all loggers with options: {"dir":"E:\\workspace\\egg-example\\logs\\egg-example","encoding":"utf8","env":"local","level":"INFO","consoleLevel":"INFO","disableConsoleAfterReady":false,"outputJSON":false,"buffer":true,"appLogName":"egg-example-web.log","coreLogName":"egg-web.log","agentLogName":"egg-agent.log","errorLogName":"common-error.log","coreLogger":{"consoleLevel":"WARN"},"allowDebugAtProd":false,"type":"application"}
2019-05-27 15:25:42,556 INFO 19772 [egg-multipart] stream mode enable
2019-05-27 15:25:42,721 INFO 19772 [egg-static] starting static serve /public/ -> E:\workspace\egg-example\app\public
2019-05-27 15:25:42,728 INFO 19772 [egg-security] use csrf middleware
2019-05-27 15:25:42,731 INFO 19772 [egg-security] use methodnoallow middleware
2019-05-27 15:25:42,732 INFO 19772 [egg-security] use noopen middleware
2019-05-27 15:25:42,735 INFO 19772 [egg-security] use nosniff middleware
2019-05-27 15:25:42,736 INFO 19772 [egg-security] use xssProtection middleware
2019-05-27 15:25:42,737 INFO 19772 [egg-security] use xframe middleware
2019-05-27 15:25:42,737 INFO 19772 [egg-security] use dta middleware
2019-05-27 15:25:42,737 INFO 19772 [egg-security] compose 7 middlewares into one security middleware
2019-05-27 15:25:42,751 INFO 19772 [egg:core] dump config after load, 7ms
2019-05-27 15:25:42,766 INFO 19772 [egg-watcher:application] watcher start success
2019-05-27 15:25:42,773 INFO 19772 [egg:core] dump config after ready, 5ms
2019-05-27 15:29:08,040 INFO 6404 [egg:logger] init all loggers with options: {"dir":"E:\\workspace\\egg-example\\logs\\egg-example","encoding":"utf8","env":"local","level":"INFO","consoleLevel":"INFO","disableConsoleAfterReady":false,"outputJSON":false,"buffer":true,"appLogName":"egg-example-web.log","coreLogName":"egg-web.log","agentLogName":"egg-agent.log","errorLogName":"common-error.log","coreLogger":{"consoleLevel":"WARN"},"allowDebugAtProd":false,"type":"application"}
2019-05-27 15:29:08,082 INFO 6404 [egg-multipart] stream mode enable
2019-05-27 15:29:08,224 INFO 6404 [egg-static] starting static serve /public/ -> E:\workspace\egg-example\app\public
2019-05-27 15:29:08,230 INFO 6404 [egg-security] use csrf middleware
2019-05-27 15:29:08,234 INFO 6404 [egg-security] use methodnoallow middleware
2019-05-27 15:29:08,234 INFO 6404 [egg-security] use noopen middleware
2019-05-27 15:29:08,237 INFO 6404 [egg-security] use nosniff middleware
2019-05-27 15:29:08,238 INFO 6404 [egg-security] use xssProtection middleware
2019-05-27 15:29:08,239 INFO 6404 [egg-security] use xframe middleware
2019-05-27 15:29:08,240 INFO 6404 [egg-security] use dta middleware
2019-05-27 15:29:08,240 INFO 6404 [egg-security] compose 7 middlewares into one security middleware
2019-05-27 15:29:08,252 INFO 6404 [egg:core] dump config after load, 6ms
2019-05-27 15:29:08,262 INFO 6404 [egg-watcher:application] watcher start success
2019-05-27 15:29:08,269 INFO 6404 [egg:core] dump config after ready, 6ms
2019-05-27 15:31:38,458 INFO 15920 [egg:logger] init all loggers with options: {"dir":"E:\\workspace\\egg-example\\logs\\egg-example","encoding":"utf8","env":"local","level":"INFO","consoleLevel":"INFO","disableConsoleAfterReady":false,"outputJSON":false,"buffer":true,"appLogName":"egg-example-web.log","coreLogName":"egg-web.log","agentLogName":"egg-agent.log","errorLogName":"common-error.log","coreLogger":{"consoleLevel":"WARN"},"allowDebugAtProd":false,"type":"application"}
2019-05-27 15:31:38,499 INFO 15920 [egg-multipart] stream mode enable
2019-05-27 15:31:38,631 INFO 15920 [egg-static] starting static serve /public/ -> E:\workspace\egg-example\app\public
2019-05-27 15:31:38,636 INFO 15920 [egg-security] use csrf middleware
2019-05-27 15:31:38,639 INFO 15920 [egg-security] use methodnoallow middleware
2019-05-27 15:31:38,640 INFO 15920 [egg-security] use noopen middleware
2019-05-27 15:31:38,643 INFO 15920 [egg-security] use nosniff middleware
2019-05-27 15:31:38,644 INFO 15920 [egg-security] use xssProtection middleware
2019-05-27 15:31:38,645 INFO 15920 [egg-security] use xframe middleware
2019-05-27 15:31:38,646 INFO 15920 [egg-security] use dta middleware
2019-05-27 15:31:38,646 INFO 15920 [egg-security] compose 7 middlewares into one security middleware
2019-05-27 15:31:38,657 INFO 15920 [egg:core] dump config after load, 6ms
2019-05-27 15:31:38,668 INFO 15920 [egg-watcher:application] watcher start success
2019-05-27 15:31:38,674 INFO 15920 [egg:core] dump config after ready, 5ms
2019-05-27 15:35:52,892 INFO 21336 [egg:logger] init all loggers with options: {"dir":"E:\\workspace\\egg-example\\logs\\egg-example","encoding":"utf8","env":"local","level":"INFO","consoleLevel":"INFO","disableConsoleAfterReady":false,"outputJSON":false,"buffer":true,"appLogName":"egg-example-web.log","coreLogName":"egg-web.log","agentLogName":"egg-agent.log","errorLogName":"common-error.log","coreLogger":{"consoleLevel":"WARN"},"allowDebugAtProd":false,"type":"application"}
2019-05-27 15:35:52,931 INFO 21336 [egg-multipart] stream mode enable
2019-05-27 15:35:53,059 INFO 21336 [egg-static] starting static serve /public/ -> E:\workspace\egg-example\app\public
2019-05-27 15:35:53,065 INFO 21336 [egg-security] use csrf middleware
2019-05-27 15:35:53,068 INFO 21336 [egg-security] use methodnoallow middleware
2019-05-27 15:35:53,069 INFO 21336 [egg-security] use noopen middleware
2019-05-27 15:35:53,071 INFO 21336 [egg-security] use nosniff middleware
2019-05-27 15:35:53,072 INFO 21336 [egg-security] use xssProtection middleware
2019-05-27 15:35:53,073 INFO 21336 [egg-security] use xframe middleware
2019-05-27 15:35:53,074 INFO 21336 [egg-security] use dta middleware
2019-05-27 15:35:53,074 INFO 21336 [egg-security] compose 7 middlewares into one security middleware
2019-05-27 15:35:53,085 INFO 21336 [egg:core] dump config after load, 6ms
2019-05-27 15:35:53,098 INFO 21336 [egg-watcher:application] watcher start success
2019-05-27 15:35:53,105 INFO 21336 [egg:core] dump config after ready, 6ms
2019-05-27 15:44:54,610 INFO 6532 [egg:logger] init all loggers with options: {"dir":"E:\\workspace\\egg-example\\logs\\egg-example","encoding":"utf8","env":"local","level":"INFO","consoleLevel":"INFO","disableConsoleAfterReady":false,"outputJSON":false,"buffer":true,"appLogName":"egg-example-web.log","coreLogName":"egg-web.log","agentLogName":"egg-agent.log","errorLogName":"common-error.log","coreLogger":{"consoleLevel":"WARN"},"allowDebugAtProd":false,"type":"application"}
2019-05-27 15:44:54,649 INFO 6532 [egg-multipart] stream mode enable
2019-05-27 15:44:54,795 INFO 6532 [egg-static] starting static serve /public/ -> E:\workspace\egg-example\app\public
2019-05-27 15:44:54,805 INFO 6532 [egg-security] use csrf middleware
2019-05-27 15:44:54,812 INFO 6532 [egg-security] use methodnoallow middleware
2019-05-27 15:44:54,816 INFO 6532 [egg-security] use noopen middleware
2019-05-27 15:44:54,822 INFO 6532 [egg-security] use nosniff middleware
2019-05-27 15:44:54,824 INFO 6532 [egg-security] use xssProtection middleware
2019-05-27 15:44:54,826 INFO 6532 [egg-security] use xframe middleware
2019-05-27 15:44:54,827 INFO 6532 [egg-security] use dta middleware
2019-05-27 15:44:54,827 INFO 6532 [egg-security] compose 7 middlewares into one security middleware
2019-05-27 15:44:54,863 INFO 6532 [egg:core] dump config after load, 13ms
2019-05-27 15:44:54,888 INFO 6532 [egg-watcher:application] watcher start success
2019-05-27 15:44:54,896 INFO 6532 [egg:core] dump config after ready, 6ms
2019-05-27 15:45:23,076 INFO 6532 [egg-view-nunjucks] loading templates from ["E:\\workspace\\egg-example\\app\\view"]
2019-05-27 15:45:55,618 INFO 12700 [egg:logger] init all loggers with options: {"dir":"E:\\workspace\\egg-example\\logs\\egg-example","encoding":"utf8","env":"local","level":"INFO","consoleLevel":"INFO","disableConsoleAfterReady":false,"outputJSON":false,"buffer":true,"appLogName":"egg-example-web.log","coreLogName":"egg-web.log","agentLogName":"egg-agent.log","errorLogName":"common-error.log","coreLogger":{"consoleLevel":"WARN"},"allowDebugAtProd":false,"type":"application"}
2019-05-27 15:45:55,666 INFO 12700 [egg-multipart] stream mode enable
2019-05-27 15:45:55,853 INFO 12700 [egg-static] starting static serve /public/ -> E:\workspace\egg-example\app\public
2019-05-27 15:45:55,862 INFO 12700 [egg-security] use csrf middleware
2019-05-27 15:45:55,866 INFO 12700 [egg-security] use methodnoallow middleware
2019-05-27 15:45:55,868 INFO 12700 [egg-security] use noopen middleware
2019-05-27 15:45:55,872 INFO 12700 [egg-security] use nosniff middleware
2019-05-27 15:45:55,873 INFO 12700 [egg-security] use xssProtection middleware
2019-05-27 15:45:55,874 INFO 12700 [egg-security] use xframe middleware
2019-05-27 15:45:55,875 INFO 12700 [egg-security] use dta middleware
2019-05-27 15:45:55,875 INFO 12700 [egg-security] compose 7 middlewares into one security middleware
2019-05-27 15:45:55,890 INFO 12700 [egg:core] dump config after load, 7ms
2019-05-27 15:45:55,906 INFO 12700 [egg-watcher:application] watcher start success
2019-05-27 15:45:55,925 INFO 12700 [egg:core] dump config after ready, 15ms
2019-05-27 15:46:16,433 INFO 13392 [egg:logger] init all loggers with options: {"dir":"E:\\workspace\\egg-example\\logs\\egg-example","encoding":"utf8","env":"local","level":"INFO","consoleLevel":"INFO","disableConsoleAfterReady":false,"outputJSON":false,"buffer":true,"appLogName":"egg-example-web.log","coreLogName":"egg-web.log","agentLogName":"egg-agent.log","errorLogName":"common-error.log","coreLogger":{"consoleLevel":"WARN"},"allowDebugAtProd":false,"type":"application"}
2019-05-27 15:46:16,504 INFO 13392 [egg-multipart] stream mode enable
2019-05-27 15:46:16,681 INFO 13392 [egg-static] starting static serve /public/ -> E:\workspace\egg-example\app\public
2019-05-27 15:46:16,689 INFO 13392 [egg-security] use csrf middleware
2019-05-27 15:46:16,692 INFO 13392 [egg-security] use methodnoallow middleware
2019-05-27 15:46:16,693 INFO 13392 [egg-security] use noopen middleware
2019-05-27 15:46:16,699 INFO 13392 [egg-security] use nosniff middleware
2019-05-27 15:46:16,700 INFO 13392 [egg-security] use xssProtection middleware
2019-05-27 15:46:16,701 INFO 13392 [egg-security] use xframe middleware
2019-05-27 15:46:16,702 INFO 13392 [egg-security] use dta middleware
2019-05-27 15:46:16,702 INFO 13392 [egg-security] compose 7 middlewares into one security middleware
2019-05-27 15:46:16,723 INFO 13392 [egg:core] dump config after load, 13ms
2019-05-27 15:46:16,743 INFO 13392 [egg-watcher:application] watcher start success
2019-05-27 15:46:16,756 INFO 13392 [egg:core] dump config after ready, 6ms
2019-05-27 15:46:21,004 INFO 13392 [egg-view-nunjucks] loading templates from ["E:\\workspace\\egg-example\\app\\view"]
2019-05-27 15:49:59,028 INFO 12224 [egg:logger] init all loggers with options: {"dir":"E:\\workspace\\egg-example\\logs\\egg-example","encoding":"utf8","env":"local","level":"INFO","consoleLevel":"INFO","disableConsoleAfterReady":false,"outputJSON":false,"buffer":true,"appLogName":"egg-example-web.log","coreLogName":"egg-web.log","agentLogName":"egg-agent.log","errorLogName":"common-error.log","coreLogger":{"consoleLevel":"WARN"},"allowDebugAtProd":false,"type":"application"}
2019-05-27 15:49:59,076 INFO 12224 [egg-multipart] stream mode enable
2019-05-27 15:49:59,238 INFO 12224 [egg-static] starting static serve /public/ -> E:\workspace\egg-example\app\public
2019-05-27 15:49:59,246 INFO 12224 [egg-security] use csrf middleware
2019-05-27 15:49:59,249 INFO 12224 [egg-security] use methodnoallow middleware
2019-05-27 15:49:59,250 INFO 12224 [egg-security] use noopen middleware
2019-05-27 15:49:59,253 INFO 12224 [egg-security] use nosniff middleware
2019-05-27 15:49:59,254 INFO 12224 [egg-security] use xssProtection middleware
2019-05-27 15:49:59,255 INFO 12224 [egg-security] use xframe middleware
2019-05-27 15:49:59,258 INFO 12224 [egg-security] use dta middleware
2019-05-27 15:49:59,258 INFO 12224 [egg-security] compose 7 middlewares into one security middleware
2019-05-27 15:49:59,273 INFO 12224 [egg:core] dump config after load, 7ms
2019-05-27 15:49:59,288 INFO 12224 [egg-watcher:application] watcher start success
2019-05-27 15:49:59,306 INFO 12224 [egg:core] dump config after ready, 12ms
2019-05-27 15:50:16,224 INFO 3192 [egg:logger] init all loggers with options: {"dir":"E:\\workspace\\egg-example\\logs\\egg-example","encoding":"utf8","env":"local","level":"INFO","consoleLevel":"INFO","disableConsoleAfterReady":false,"outputJSON":false,"buffer":true,"appLogName":"egg-example-web.log","coreLogName":"egg-web.log","agentLogName":"egg-agent.log","errorLogName":"common-error.log","coreLogger":{"consoleLevel":"WARN"},"allowDebugAtProd":false,"type":"application"}
2019-05-27 15:50:16,263 INFO 3192 [egg-multipart] stream mode enable
2019-05-27 15:50:16,395 INFO 3192 [egg-static] starting static serve /public/ -> E:\workspace\egg-example\app\public
2019-05-27 15:50:16,401 INFO 3192 [egg-security] use csrf middleware
2019-05-27 15:50:16,403 INFO 3192 [egg-security] use methodnoallow middleware
2019-05-27 15:50:16,404 INFO 3192 [egg-security] use noopen middleware
2019-05-27 15:50:16,407 INFO 3192 [egg-security] use nosniff middleware
2019-05-27 15:50:16,408 INFO 3192 [egg-security] use xssProtection middleware
2019-05-27 15:50:16,409 INFO 3192 [egg-security] use xframe middleware
2019-05-27 15:50:16,409 INFO 3192 [egg-security] use dta middleware
2019-05-27 15:50:16,409 INFO 3192 [egg-security] compose 7 middlewares into one security middleware
2019-05-27 15:50:16,423 INFO 3192 [egg:core] dump config after load, 7ms
2019-05-27 15:50:16,438 INFO 3192 [egg-watcher:application] watcher start success
2019-05-27 15:50:16,449 INFO 3192 [egg:core] dump config after ready, 9ms
2019-05-27 15:50:34,940 INFO 16668 [egg:logger] init all loggers with options: {"dir":"E:\\workspace\\egg-example\\logs\\egg-example","encoding":"utf8","env":"local","level":"INFO","consoleLevel":"INFO","disableConsoleAfterReady":false,"outputJSON":false,"buffer":true,"appLogName":"egg-example-web.log","coreLogName":"egg-web.log","agentLogName":"egg-agent.log","errorLogName":"common-error.log","coreLogger":{"consoleLevel":"WARN"},"allowDebugAtProd":false,"type":"application"}
2019-05-27 15:50:34,983 INFO 16668 [egg-multipart] stream mode enable
2019-05-27 15:50:35,131 INFO 16668 [egg-static] starting static serve /public/ -> E:\workspace\egg-example\app\public
2019-05-27 15:50:35,137 INFO 16668 [egg-security] use csrf middleware
2019-05-27 15:50:35,140 INFO 16668 [egg-security] use methodnoallow middleware
2019-05-27 15:50:35,141 INFO 16668 [egg-security] use noopen middleware
2019-05-27 15:50:35,144 INFO 16668 [egg-security] use nosniff middleware
2019-05-27 15:50:35,145 INFO 16668 [egg-security] use xssProtection middleware
2019-05-27 15:50:35,146 INFO 16668 [egg-security] use xframe middleware
2019-05-27 15:50:35,146 INFO 16668 [egg-security] use dta middleware
2019-05-27 15:50:35,146 INFO 16668 [egg-security] compose 7 middlewares into one security middleware
2019-05-27 15:50:35,161 INFO 16668 [egg:core] dump config after load, 6ms
2019-05-27 15:50:35,174 INFO 16668 [egg-watcher:application] watcher start success
2019-05-27 15:50:35,183 INFO 16668 [egg:core] dump config after ready, 5ms
2019-05-27 15:50:45,538 INFO 20712 [egg:logger] init all loggers with options: {"dir":"E:\\workspace\\egg-example\\logs\\egg-example","encoding":"utf8","env":"local","level":"INFO","consoleLevel":"INFO","disableConsoleAfterReady":false,"outputJSON":false,"buffer":true,"appLogName":"egg-example-web.log","coreLogName":"egg-web.log","agentLogName":"egg-agent.log","errorLogName":"common-error.log","coreLogger":{"consoleLevel":"WARN"},"allowDebugAtProd":false,"type":"application"}
2019-05-27 15:50:45,578 INFO 20712 [egg-multipart] stream mode enable
2019-05-27 15:50:45,718 INFO 20712 [egg-static] starting static serve /public/ -> E:\workspace\egg-example\app\public
2019-05-27 15:50:45,724 INFO 20712 [egg-security] use csrf middleware
2019-05-27 15:50:45,727 INFO 20712 [egg-security] use methodnoallow middleware
2019-05-27 15:50:45,728 INFO 20712 [egg-security] use noopen middleware
2019-05-27 15:50:45,731 INFO 20712 [egg-security] use nosniff middleware
2019-05-27 15:50:45,732 INFO 20712 [egg-security] use xssProtection middleware
2019-05-27 15:50:45,733 INFO 20712 [egg-security] use xframe middleware
2019-05-27 15:50:45,734 INFO 20712 [egg-security] use dta middleware
2019-05-27 15:50:45,734 INFO 20712 [egg-security] compose 7 middlewares into one security middleware
2019-05-27 15:50:45,749 INFO 20712 [egg:core] dump config after load, 9ms
2019-05-27 15:50:45,763 INFO 20712 [egg-watcher:application] watcher start success
2019-05-27 15:50:45,774 INFO 20712 [egg:core] dump config after ready, 6ms
2019-05-27 15:50:50,651 INFO 16808 [egg:logger] init all loggers with options: {"dir":"E:\\workspace\\egg-example\\logs\\egg-example","encoding":"utf8","env":"local","level":"INFO","consoleLevel":"INFO","disableConsoleAfterReady":false,"outputJSON":false,"buffer":true,"appLogName":"egg-example-web.log","coreLogName":"egg-web.log","agentLogName":"egg-agent.log","errorLogName":"common-error.log","coreLogger":{"consoleLevel":"WARN"},"allowDebugAtProd":false,"type":"application"}
2019-05-27 15:50:50,702 INFO 16808 [egg-multipart] stream mode enable
2019-05-27 15:50:50,873 INFO 16808 [egg-static] starting static serve /public/ -> E:\workspace\egg-example\app\public
2019-05-27 15:50:50,880 INFO 16808 [egg-security] use csrf middleware
2019-05-27 15:50:50,883 INFO 16808 [egg-security] use methodnoallow middleware
2019-05-27 15:50:50,884 INFO 16808 [egg-security] use noopen middleware
2019-05-27 15:50:50,888 INFO 16808 [egg-security] use nosniff middleware
2019-05-27 15:50:50,889 INFO 16808 [egg-security] use xssProtection middleware
2019-05-27 15:50:50,890 INFO 16808 [egg-security] use xframe middleware
2019-05-27 15:50:50,891 INFO 16808 [egg-security] use dta middleware
2019-05-27 15:50:50,891 INFO 16808 [egg-security] compose 7 middlewares into one security middleware
2019-05-27 15:50:50,912 INFO 16808 [egg:core] dump config after load, 13ms
2019-05-27 15:50:50,929 INFO 16808 [egg-watcher:application] watcher start success
2019-05-27 15:50:50,941 INFO 16808 [egg:core] dump config after ready, 8ms
2019-05-27 15:52:52,517 INFO 3772 [egg:logger] init all loggers with options: {"dir":"E:\\workspace\\egg-example\\logs\\egg-example","encoding":"utf8","env":"local","level":"INFO","consoleLevel":"INFO","disableConsoleAfterReady":false,"outputJSON":false,"buffer":true,"appLogName":"egg-example-web.log","coreLogName":"egg-web.log","agentLogName":"egg-agent.log","errorLogName":"common-error.log","coreLogger":{"consoleLevel":"WARN"},"allowDebugAtProd":false,"type":"application"}
2019-05-27 15:52:52,558 INFO 3772 [egg-multipart] stream mode enable
2019-05-27 15:52:52,698 INFO 3772 [egg-static] starting static serve /public/ -> E:\workspace\egg-example\app\public
2019-05-27 15:52:52,703 INFO 3772 [egg-security] use csrf middleware
2019-05-27 15:52:52,706 INFO 3772 [egg-security] use methodnoallow middleware
2019-05-27 15:52:52,707 INFO 3772 [egg-security] use noopen middleware
2019-05-27 15:52:52,710 INFO 3772 [egg-security] use nosniff middleware
2019-05-27 15:52:52,711 INFO 3772 [egg-security] use xssProtection middleware
2019-05-27 15:52:52,711 INFO 3772 [egg-security] use xframe middleware
2019-05-27 15:52:52,712 INFO 3772 [egg-security] use dta middleware
2019-05-27 15:52:52,712 INFO 3772 [egg-security] compose 7 middlewares into one security middleware
2019-05-27 15:52:52,727 INFO 3772 [egg:core] dump config after load, 8ms
2019-05-27 15:52:52,740 INFO 3772 [egg-watcher:application] watcher start success
2019-05-27 15:52:52,750 INFO 3772 [egg:core] dump config after ready, 7ms
2019-05-27 15:53:25,202 INFO 18276 [egg:logger] init all loggers with options: {"dir":"E:\\workspace\\egg-example\\logs\\egg-example","encoding":"utf8","env":"local","level":"INFO","consoleLevel":"INFO","disableConsoleAfterReady":false,"outputJSON":false,"buffer":true,"appLogName":"egg-example-web.log","coreLogName":"egg-web.log","agentLogName":"egg-agent.log","errorLogName":"common-error.log","coreLogger":{"consoleLevel":"WARN"},"allowDebugAtProd":false,"type":"application"}
2019-05-27 15:53:25,242 INFO 18276 [egg-multipart] stream mode enable
2019-05-27 15:53:25,378 INFO 18276 [egg-static] starting static serve /public/ -> E:\workspace\egg-example\app\public
2019-05-27 15:53:25,385 INFO 18276 [egg-security] use csrf middleware
2019-05-27 15:53:25,388 INFO 18276 [egg-security] use methodnoallow middleware
2019-05-27 15:53:25,389 INFO 18276 [egg-security] use noopen middleware
2019-05-27 15:53:25,392 INFO 18276 [egg-security] use nosniff middleware
2019-05-27 15:53:25,393 INFO 18276 [egg-security] use xssProtection middleware
2019-05-27 15:53:25,394 INFO 18276 [egg-security] use xframe middleware
2019-05-27 15:53:25,394 INFO 18276 [egg-security] use dta middleware
2019-05-27 15:53:25,394 INFO 18276 [egg-security] compose 7 middlewares into one security middleware
2019-05-27 15:53:25,407 INFO 18276 [egg:core] dump config after load, 6ms
2019-05-27 15:53:25,420 INFO 18276 [egg-watcher:application] watcher start success
2019-05-27 15:53:25,429 INFO 18276 [egg:core] dump config after ready, 5ms
2019-05-27 15:53:46,709 INFO 12444 [egg:logger] init all loggers with options: {"dir":"E:\\workspace\\egg-example\\logs\\egg-example","encoding":"utf8","env":"local","level":"INFO","consoleLevel":"INFO","disableConsoleAfterReady":false,"outputJSON":false,"buffer":true,"appLogName":"egg-example-web.log","coreLogName":"egg-web.log","agentLogName":"egg-agent.log","errorLogName":"common-error.log","coreLogger":{"consoleLevel":"WARN"},"allowDebugAtProd":false,"type":"application"}
2019-05-27 15:53:46,749 INFO 12444 [egg-multipart] stream mode enable
2019-05-27 15:53:46,892 INFO 12444 [egg-static] starting static serve /public/ -> E:\workspace\egg-example\app\public
2019-05-27 15:53:46,897 INFO 12444 [egg-security] use csrf middleware
2019-05-27 15:53:46,900 INFO 12444 [egg-security] use methodnoallow middleware
2019-05-27 15:53:46,901 INFO 12444 [egg-security] use noopen middleware
2019-05-27 15:53:46,904 INFO 12444 [egg-security] use nosniff middleware
2019-05-27 15:53:46,904 INFO 12444 [egg-security] use xssProtection middleware
2019-05-27 15:53:46,905 INFO 12444 [egg-security] use xframe middleware
2019-05-27 15:53:46,906 INFO 12444 [egg-security] use dta middleware
2019-05-27 15:53:46,906 INFO 12444 [egg-security] compose 7 middlewares into one security middleware
2019-05-27 15:53:46,919 INFO 12444 [egg:core] dump config after load, 6ms
2019-05-27 15:53:46,929 INFO 12444 [egg-watcher:application] watcher start success
2019-05-27 15:53:46,938 INFO 12444 [egg:core] dump config after ready, 8ms
2019-05-27 15:54:41,366 INFO 9228 [egg:logger] init all loggers with options: {"dir":"E:\\workspace\\egg-example\\logs\\egg-example","encoding":"utf8","env":"local","level":"INFO","consoleLevel":"INFO","disableConsoleAfterReady":false,"outputJSON":false,"buffer":true,"appLogName":"egg-example-web.log","coreLogName":"egg-web.log","agentLogName":"egg-agent.log","errorLogName":"common-error.log","coreLogger":{"consoleLevel":"WARN"},"allowDebugAtProd":false,"type":"application"}
2019-05-27 15:54:41,404 INFO 9228 [egg-multipart] stream mode enable
2019-05-27 15:54:41,534 INFO 9228 [egg-static] starting static serve /public/ -> E:\workspace\egg-example\app\public
2019-05-27 15:54:41,539 INFO 9228 [egg-security] use csrf middleware
2019-05-27 15:54:41,542 INFO 9228 [egg-security] use methodnoallow middleware
2019-05-27 15:54:41,543 INFO 9228 [egg-security] use noopen middleware
2019-05-27 15:54:41,546 INFO 9228 [egg-security] use nosniff middleware
2019-05-27 15:54:41,546 INFO 9228 [egg-security] use xssProtection middleware
2019-05-27 15:54:41,547 INFO 9228 [egg-security] use xframe middleware
2019-05-27 15:54:41,548 INFO 9228 [egg-security] use dta middleware
2019-05-27 15:54:41,548 INFO 9228 [egg-security] compose 7 middlewares into one security middleware
2019-05-27 15:54:41,562 INFO 9228 [egg:core] dump config after load, 8ms
2019-05-27 15:54:41,577 INFO 9228 [egg-watcher:application] watcher start success
2019-05-27 15:54:41,587 INFO 9228 [egg:core] dump config after ready, 5ms
2019-05-27 15:56:00,482 INFO 4352 [egg:logger] init all loggers with options: {"dir":"E:\\workspace\\egg-example\\logs\\egg-example","encoding":"utf8","env":"local","level":"INFO","consoleLevel":"INFO","disableConsoleAfterReady":false,"outputJSON":false,"buffer":true,"appLogName":"egg-example-web.log","coreLogName":"egg-web.log","agentLogName":"egg-agent.log","errorLogName":"common-error.log","coreLogger":{"consoleLevel":"WARN"},"allowDebugAtProd":false,"type":"application"}
2019-05-27 15:56:00,528 INFO 4352 [egg-multipart] stream mode enable
2019-05-27 15:56:00,669 INFO 4352 [egg-static] starting static serve /public/ -> E:\workspace\egg-example\app\public
2019-05-27 15:56:00,674 INFO 4352 [egg-security] use csrf middleware
2019-05-27 15:56:00,678 INFO 4352 [egg-security] use methodnoallow middleware
2019-05-27 15:56:00,678 INFO 4352 [egg-security] use noopen middleware
2019-05-27 15:56:00,681 INFO 4352 [egg-security] use nosniff middleware
2019-05-27 15:56:00,682 INFO 4352 [egg-security] use xssProtection middleware
2019-05-27 15:56:00,683 INFO 4352 [egg-security] use xframe middleware
2019-05-27 15:56:00,684 INFO 4352 [egg-security] use dta middleware
2019-05-27 15:56:00,684 INFO 4352 [egg-security] compose 7 middlewares into one security middleware
2019-05-27 15:56:00,699 INFO 4352 [egg:core] dump config after load, 9ms
2019-05-27 15:56:00,716 INFO 4352 [egg-watcher:application] watcher start success
2019-05-27 15:56:00,731 INFO 4352 [egg:core] dump config after ready, 13ms
2019-05-27 15:57:21,763 INFO 22116 [egg:logger] init all loggers with options: {"dir":"E:\\workspace\\egg-example\\logs\\egg-example","encoding":"utf8","env":"local","level":"INFO","consoleLevel":"INFO","disableConsoleAfterReady":false,"outputJSON":false,"buffer":true,"appLogName":"egg-example-web.log","coreLogName":"egg-web.log","agentLogName":"egg-agent.log","errorLogName":"common-error.log","coreLogger":{"consoleLevel":"WARN"},"allowDebugAtProd":false,"type":"application"}
2019-05-27 15:57:21,823 INFO 22116 [egg-multipart] stream mode enable
2019-05-27 15:57:21,962 INFO 22116 [egg-static] starting static serve /public/ -> E:\workspace\egg-example\app\public
2019-05-27 15:57:21,968 INFO 22116 [egg-security] use csrf middleware
2019-05-27 15:57:21,971 INFO 22116 [egg-security] use methodnoallow middleware
2019-05-27 15:57:21,972 INFO 22116 [egg-security] use noopen middleware
2019-05-27 15:57:21,975 INFO 22116 [egg-security] use nosniff middleware
2019-05-27 15:57:21,976 INFO 22116 [egg-security] use xssProtection middleware
2019-05-27 15:57:21,976 INFO 22116 [egg-security] use xframe middleware
2019-05-27 15:57:21,977 INFO 22116 [egg-security] use dta middleware
2019-05-27 15:57:21,977 INFO 22116 [egg-security] compose 7 middlewares into one security middleware
2019-05-27 15:57:21,992 INFO 22116 [egg:core] dump config after load, 8ms
2019-05-27 15:57:22,008 INFO 22116 [egg-watcher:application] watcher start success
2019-05-27 15:57:22,019 INFO 22116 [egg:core] dump config after ready, 5ms
2019-05-27 16:14:01,499 INFO 23092 [egg:logger] init all loggers with options: {"dir":"E:\\workspace\\egg-example\\logs\\egg-example","encoding":"utf8","env":"local","level":"INFO","consoleLevel":"INFO","disableConsoleAfterReady":false,"outputJSON":false,"buffer":true,"appLogName":"egg-example-web.log","coreLogName":"egg-web.log","agentLogName":"egg-agent.log","errorLogName":"common-error.log","coreLogger":{"consoleLevel":"WARN"},"allowDebugAtProd":false,"type":"application"}
2019-05-27 16:14:01,545 INFO 23092 [egg-multipart] stream mode enable
2019-05-27 16:14:01,688 INFO 23092 [egg-static] starting static serve /public/ -> E:\workspace\egg-example\app\public
2019-05-27 16:14:01,694 INFO 23092 [egg-security] use csrf middleware
2019-05-27 16:14:01,696 INFO 23092 [egg-security] use methodnoallow middleware
2019-05-27 16:14:01,697 INFO 23092 [egg-security] use noopen middleware
2019-05-27 16:14:01,700 INFO 23092 [egg-security] use nosniff middleware
2019-05-27 16:14:01,701 INFO 23092 [egg-security] use xssProtection middleware
2019-05-27 16:14:01,701 INFO 23092 [egg-security] use xframe middleware
2019-05-27 16:14:01,702 INFO 23092 [egg-security] use dta middleware
2019-05-27 16:14:01,702 INFO 23092 [egg-security] compose 7 middlewares into one security middleware
2019-05-27 16:14:01,717 INFO 23092 [egg:core] dump config after load, 8ms
2019-05-27 16:14:01,731 INFO 23092 [egg-watcher:application] watcher start success
2019-05-27 16:14:01,742 INFO 23092 [egg:core] dump config after ready, 5ms
2019-05-27 16:14:02,617 INFO 23092 [egg-view-nunjucks] loading templates from ["E:\\workspace\\egg-example\\app\\view"]
2019-05-27 16:14:16,232 INFO 17660 [egg:logger] init all loggers with options: {"dir":"E:\\workspace\\egg-example\\logs\\egg-example","encoding":"utf8","env":"local","level":"INFO","consoleLevel":"INFO","disableConsoleAfterReady":false,"outputJSON":false,"buffer":true,"appLogName":"egg-example-web.log","coreLogName":"egg-web.log","agentLogName":"egg-agent.log","errorLogName":"common-error.log","coreLogger":{"consoleLevel":"WARN"},"allowDebugAtProd":false,"type":"application"}
2019-05-27 16:14:16,270 INFO 17660 [egg-multipart] stream mode enable
2019-05-27 16:14:16,405 INFO 17660 [egg-static] starting static serve /public/ -> E:\workspace\egg-example\app\public
2019-05-27 16:14:16,412 INFO 17660 [egg-security] use csrf middleware
2019-05-27 16:14:16,416 INFO 17660 [egg-security] use methodnoallow middleware
2019-05-27 16:14:16,417 INFO 17660 [egg-security] use noopen middleware
2019-05-27 16:14:16,420 INFO 17660 [egg-security] use nosniff middleware
2019-05-27 16:14:16,421 INFO 17660 [egg-security] use xssProtection middleware
2019-05-27 16:14:16,422 INFO 17660 [egg-security] use xframe middleware
2019-05-27 16:14:16,423 INFO 17660 [egg-security] use dta middleware
2019-05-27 16:14:16,423 INFO 17660 [egg-security] compose 7 middlewares into one security middleware
2019-05-27 16:14:16,437 INFO 17660 [egg:core] dump config after load, 8ms
2019-05-27 16:14:16,450 INFO 17660 [egg-watcher:application] watcher start success
2019-05-27 16:14:16,459 INFO 17660 [egg:core] dump config after ready, 6ms
2019-08-01 15:07:14,788 INFO 27620 [egg:logger] init all loggers with options: {"dir":"E:\\workspace\\egg-demo\\logs\\egg-example","encoding":"utf8","env":"local","level":"INFO","consoleLevel":"INFO","disableConsoleAfterReady":false,"outputJSON":false,"buffer":true,"appLogName":"egg-example-web.log","coreLogName":"egg-web.log","agentLogName":"egg-agent.log","errorLogName":"common-error.log","coreLogger":{"consoleLevel":"WARN"},"allowDebugAtProd":false,"type":"application"}
2019-08-01 15:07:14,827 INFO 27620 [egg-multipart] stream mode enable
2019-08-01 15:07:15,086 INFO 27620 [egg-static] starting static serve /public/ -> E:\workspace\egg-demo\app\public
2019-08-01 15:07:15,093 INFO 27620 [egg-security] use csrf middleware
2019-08-01 15:07:15,096 INFO 27620 [egg-security] use methodnoallow middleware
2019-08-01 15:07:15,097 INFO 27620 [egg-security] use noopen middleware
2019-08-01 15:07:15,101 INFO 27620 [egg-security] use nosniff middleware
2019-08-01 15:07:15,102 INFO 27620 [egg-security] use xssProtection middleware
2019-08-01 15:07:15,103 INFO 27620 [egg-security] use xframe middleware
2019-08-01 15:07:15,104 INFO 27620 [egg-security] use dta middleware
2019-08-01 15:07:15,104 INFO 27620 [egg-security] compose 7 middlewares into one security middleware
2019-08-01 15:07:15,117 INFO 27620 [egg:core] dump config after load, 7ms
2019-08-01 15:07:15,129 INFO 27620 [egg-watcher:application] watcher start success
2019-08-01 15:07:15,137 INFO 27620 [egg:core] dump config after ready, 6ms
2019-08-01 15:07:16,992 INFO 23264 [egg:logger] init all loggers with options: {"dir":"E:\\workspace\\egg-demo\\logs\\egg-example","encoding":"utf8","env":"local","level":"INFO","consoleLevel":"INFO","disableConsoleAfterReady":false,"outputJSON":false,"buffer":true,"appLogName":"egg-example-web.log","coreLogName":"egg-web.log","agentLogName":"egg-agent.log","errorLogName":"common-error.log","coreLogger":{"consoleLevel":"WARN"},"allowDebugAtProd":false,"type":"application"}
2019-08-01 15:07:17,046 INFO 23264 [egg-multipart] stream mode enable
2019-08-01 15:07:17,186 INFO 23264 [egg-static] starting static serve /public/ -> E:\workspace\egg-demo\app\public
2019-08-01 15:07:17,191 INFO 23264 [egg-security] use csrf middleware
2019-08-01 15:07:17,194 INFO 23264 [egg-security] use methodnoallow middleware
2019-08-01 15:07:17,195 INFO 23264 [egg-security] use noopen middleware
2019-08-01 15:07:17,197 INFO 23264 [egg-security] use nosniff middleware
2019-08-01 15:07:17,198 INFO 23264 [egg-security] use xssProtection middleware
2019-08-01 15:07:17,199 INFO 23264 [egg-security] use xframe middleware
2019-08-01 15:07:17,200 INFO 23264 [egg-security] use dta middleware
2019-08-01 15:07:17,200 INFO 23264 [egg-security] compose 7 middlewares into one security middleware
2019-08-01 15:07:17,214 INFO 23264 [egg:core] dump config after load, 8ms
2019-08-01 15:07:17,229 INFO 23264 [egg-watcher:application] watcher start success
2019-08-01 15:07:17,239 INFO 23264 [egg:core] dump config after ready, 5ms
2019-08-01 15:07:19,127 INFO 24164 [egg:logger] init all loggers with options: {"dir":"E:\\workspace\\egg-demo\\logs\\egg-example","encoding":"utf8","env":"local","level":"INFO","consoleLevel":"INFO","disableConsoleAfterReady":false,"outputJSON":false,"buffer":true,"appLogName":"egg-example-web.log","coreLogName":"egg-web.log","agentLogName":"egg-agent.log","errorLogName":"common-error.log","coreLogger":{"consoleLevel":"WARN"},"allowDebugAtProd":false,"type":"application"}
2019-08-01 15:07:19,171 INFO 24164 [egg-multipart] stream mode enable
2019-08-01 15:07:19,292 INFO 24164 [egg-static] starting static serve /public/ -> E:\workspace\egg-demo\app\public
2019-08-01 15:07:19,299 INFO 24164 [egg-security] use csrf middleware
2019-08-01 15:07:19,302 INFO 24164 [egg-security] use methodnoallow middleware
2019-08-01 15:07:19,302 INFO 24164 [egg-security] use noopen middleware
2019-08-01 15:07:19,305 INFO 24164 [egg-security] use nosniff middleware
2019-08-01 15:07:19,306 INFO 24164 [egg-security] use xssProtection middleware
2019-08-01 15:07:19,306 INFO 24164 [egg-security] use xframe middleware
2019-08-01 15:07:19,307 INFO 24164 [egg-security] use dta middleware
2019-08-01 15:07:19,307 INFO 24164 [egg-security] compose 7 middlewares into one security middleware
2019-08-01 15:07:19,322 INFO 24164 [egg:core] dump config after load, 8ms
2019-08-01 15:07:19,334 INFO 24164 [egg-watcher:application] watcher start success
2019-08-01 15:07:19,342 INFO 24164 [egg:core] dump config after ready, 6ms
2019-08-01 17:32:48,492 INFO 6504 [egg:logger] init all loggers with options: {"dir":"E:\\workspace\\egg-demo\\logs\\egg-example","encoding":"utf8","env":"local","level":"INFO","consoleLevel":"INFO","disableConsoleAfterReady":false,"outputJSON":false,"buffer":true,"appLogName":"egg-example-web.log","coreLogName":"egg-web.log","agentLogName":"egg-agent.log","errorLogName":"common-error.log","coreLogger":{"consoleLevel":"WARN"},"allowDebugAtProd":false,"type":"application"}
2019-08-01 17:32:48,530 INFO 6504 [egg-multipart] stream mode enable
2019-08-01 17:32:49,194 INFO 6504 [egg-static] starting static serve /public/ -> E:\workspace\egg-demo\app\public
2019-08-01 17:32:49,199 INFO 6504 [egg-security] use csrf middleware
2019-08-01 17:32:49,202 INFO 6504 [egg-security] use methodnoallow middleware
2019-08-01 17:32:49,202 INFO 6504 [egg-security] use noopen middleware
2019-08-01 17:32:49,207 INFO 6504 [egg-security] use nosniff middleware
2019-08-01 17:32:49,208 INFO 6504 [egg-security] use xssProtection middleware
2019-08-01 17:32:49,209 INFO 6504 [egg-security] use xframe middleware
2019-08-01 17:32:49,210 INFO 6504 [egg-security] use dta middleware
2019-08-01 17:32:49,210 INFO 6504 [egg-security] compose 7 middlewares into one security middleware
2019-08-01 17:32:49,224 INFO 6504 [egg:core] dump config after load, 9ms
2019-08-01 17:32:49,237 INFO 6504 [egg-watcher:application] watcher start success
2019-08-01 17:32:49,247 INFO 6504 [egg:core] dump config after ready, 7ms
2019-08-01 17:35:44,197 INFO 6504 [egg-view-nunjucks] loading templates from ["E:\\workspace\\egg-demo\\app\\view"]
2019-08-01 17:43:48,488 INFO 10896 [egg:logger] init all loggers with options: {"dir":"E:\\workspace\\egg-demo\\logs\\egg-example","encoding":"utf8","env":"local","level":"INFO","consoleLevel":"INFO","disableConsoleAfterReady":false,"outputJSON":false,"buffer":true,"appLogName":"egg-example-web.log","coreLogName":"egg-web.log","agentLogName":"egg-agent.log","errorLogName":"common-error.log","coreLogger":{"consoleLevel":"WARN"},"allowDebugAtProd":false,"type":"application"}
2019-08-01 17:43:48,527 INFO 10896 [egg-multipart] stream mode enable
2019-08-01 17:43:48,661 INFO 10896 [egg-static] starting static serve /public/ -> E:\workspace\egg-demo\app\public
2019-08-01 17:43:48,667 INFO 10896 [egg-security] use csrf middleware
2019-08-01 17:43:48,669 INFO 10896 [egg-security] use methodnoallow middleware
2019-08-01 17:43:48,670 INFO 10896 [egg-security] use noopen middleware
2019-08-01 17:43:48,672 INFO 10896 [egg-security] use nosniff middleware
2019-08-01 17:43:48,673 INFO 10896 [egg-security] use xssProtection middleware
2019-08-01 17:43:48,674 INFO 10896 [egg-security] use xframe middleware
2019-08-01 17:43:48,675 INFO 10896 [egg-security] use dta middleware
2019-08-01 17:43:48,675 INFO 10896 [egg-security] compose 7 middlewares into one security middleware
2019-08-01 17:43:48,687 INFO 10896 [egg:core] dump config after load, 6ms
2019-08-01 17:43:48,701 INFO 10896 [egg-watcher:application] watcher start success
2019-08-01 17:43:48,711 INFO 10896 [egg:core] dump config after ready, 8ms
2019-08-01 17:43:56,273 INFO 10896 [egg-view-nunjucks] loading templates from ["E:\\workspace\\egg-demo\\app\\view"]
2019-08-01 17:44:34,065 INFO 18176 [egg:logger] init all loggers with options: {"dir":"E:\\workspace\\egg-demo\\logs\\egg-example","encoding":"utf8","env":"local","level":"INFO","consoleLevel":"INFO","disableConsoleAfterReady":false,"outputJSON":false,"buffer":true,"appLogName":"egg-example-web.log","coreLogName":"egg-web.log","agentLogName":"egg-agent.log","errorLogName":"common-error.log","coreLogger":{"consoleLevel":"WARN"},"allowDebugAtProd":false,"type":"application"}
2019-08-01 17:44:34,134 INFO 18176 [egg-multipart] stream mode enable
2019-08-01 17:44:34,259 INFO 18176 [egg-static] starting static serve /public/ -> E:\workspace\egg-demo\app\public
2019-08-01 17:44:34,264 INFO 18176 [egg-security] use csrf middleware
2019-08-01 17:44:34,266 INFO 18176 [egg-security] use methodnoallow middleware
2019-08-01 17:44:34,267 INFO 18176 [egg-security] use noopen middleware
2019-08-01 17:44:34,269 INFO 18176 [egg-security] use nosniff middleware
2019-08-01 17:44:34,270 INFO 18176 [egg-security] use xssProtection middleware
2019-08-01 17:44:34,271 INFO 18176 [egg-security] use xframe middleware
2019-08-01 17:44:34,271 INFO 18176 [egg-security] use dta middleware
2019-08-01 17:44:34,271 INFO 18176 [egg-security] compose 7 middlewares into one security middleware
2019-08-01 17:44:34,331 INFO 18176 [egg:core] dump config after load, 14ms
2019-08-01 17:44:34,347 INFO 18176 [egg-watcher:application] watcher start success
2019-08-01 17:44:34,359 INFO 18176 [egg:core] dump config after ready, 6ms
2019-08-01 17:44:36,467 INFO 15052 [egg:logger] init all loggers with options: {"dir":"E:\\workspace\\egg-demo\\logs\\egg-example","encoding":"utf8","env":"local","level":"INFO","consoleLevel":"INFO","disableConsoleAfterReady":false,"outputJSON":false,"buffer":true,"appLogName":"egg-example-web.log","coreLogName":"egg-web.log","agentLogName":"egg-agent.log","errorLogName":"common-error.log","coreLogger":{"consoleLevel":"WARN"},"allowDebugAtProd":false,"type":"application"}
2019-08-01 17:44:36,505 INFO 15052 [egg-multipart] stream mode enable
2019-08-01 17:44:36,623 INFO 15052 [egg-static] starting static serve /public/ -> E:\workspace\egg-demo\app\public
2019-08-01 17:44:36,628 INFO 15052 [egg-security] use csrf middleware
2019-08-01 17:44:36,631 INFO 15052 [egg-security] use methodnoallow middleware
2019-08-01 17:44:36,631 INFO 15052 [egg-security] use noopen middleware
2019-08-01 17:44:36,634 INFO 15052 [egg-security] use nosniff middleware
2019-08-01 17:44:36,634 INFO 15052 [egg-security] use xssProtection middleware
2019-08-01 17:44:36,635 INFO 15052 [egg-security] use xframe middleware
2019-08-01 17:44:36,636 INFO 15052 [egg-security] use dta middleware
2019-08-01 17:44:36,636 INFO 15052 [egg-security] compose 7 middlewares into one security middleware
2019-08-01 17:44:36,650 INFO 15052 [egg:core] dump config after load, 8ms
2019-08-01 17:44:36,662 INFO 15052 [egg-watcher:application] watcher start success
2019-08-01 17:44:36,671 INFO 15052 [egg:core] dump config after ready, 5ms
2019-08-01 17:45:54,239 INFO 9252 [egg:logger] init all loggers with options: {"dir":"E:\\workspace\\egg-demo\\logs\\egg-example","encoding":"utf8","env":"local","level":"INFO","consoleLevel":"INFO","disableConsoleAfterReady":false,"outputJSON":false,"buffer":true,"appLogName":"egg-example-web.log","coreLogName":"egg-web.log","agentLogName":"egg-agent.log","errorLogName":"common-error.log","coreLogger":{"consoleLevel":"WARN"},"allowDebugAtProd":false,"type":"application"}
2019-08-01 17:45:54,281 INFO 9252 [egg-multipart] stream mode enable
2019-08-01 17:45:54,446 INFO 9252 [egg-static] starting static serve /public/ -> E:\workspace\egg-demo\app\public
2019-08-01 17:45:54,453 INFO 9252 [egg-security] use csrf middleware
2019-08-01 17:45:54,456 INFO 9252 [egg-security] use methodnoallow middleware
2019-08-01 17:45:54,457 INFO 9252 [egg-security] use noopen middleware
2019-08-01 17:45:54,461 INFO 9252 [egg-security] use nosniff middleware
2019-08-01 17:45:54,463 INFO 9252 [egg-security] use xssProtection middleware
2019-08-01 17:45:54,463 INFO 9252 [egg-security] use xframe middleware
2019-08-01 17:45:54,464 INFO 9252 [egg-security] use dta middleware
2019-08-01 17:45:54,464 INFO 9252 [egg-security] compose 7 middlewares into one security middleware
2019-08-01 17:45:54,477 INFO 9252 [egg:core] dump config after load, 7ms
2019-08-01 17:45:54,490 INFO 9252 [egg-watcher:application] watcher start success
2019-08-01 17:45:54,500 INFO 9252 [egg:core] dump config after ready, 7ms
2019-08-01 17:46:15,178 INFO 2792 [egg:logger] init all loggers with options: {"dir":"E:\\workspace\\egg-demo\\logs\\egg-example","encoding":"utf8","env":"local","level":"INFO","consoleLevel":"INFO","disableConsoleAfterReady":false,"outputJSON":false,"buffer":true,"appLogName":"egg-example-web.log","coreLogName":"egg-web.log","agentLogName":"egg-agent.log","errorLogName":"common-error.log","coreLogger":{"consoleLevel":"WARN"},"allowDebugAtProd":false,"type":"application"}
2019-08-01 17:46:15,217 INFO 2792 [egg-multipart] stream mode enable
2019-08-01 17:46:15,341 INFO 2792 [egg-static] starting static serve /public/ -> E:\workspace\egg-demo\app\public
2019-08-01 17:46:15,346 INFO 2792 [egg-security] use csrf middleware
2019-08-01 17:46:15,348 INFO 2792 [egg-security] use methodnoallow middleware
2019-08-01 17:46:15,349 INFO 2792 [egg-security] use noopen middleware
2019-08-01 17:46:15,351 INFO 2792 [egg-security] use nosniff middleware
2019-08-01 17:46:15,352 INFO 2792 [egg-security] use xssProtection middleware
2019-08-01 17:46:15,353 INFO 2792 [egg-security] use xframe middleware
2019-08-01 17:46:15,354 INFO 2792 [egg-security] use dta middleware
2019-08-01 17:46:15,354 INFO 2792 [egg-security] compose 7 middlewares into one security middleware
2019-08-01 17:46:15,366 INFO 2792 [egg:core] dump config after load, 6ms
2019-08-01 17:46:15,377 INFO 2792 [egg-watcher:application] watcher start success
2019-08-01 17:46:15,386 INFO 2792 [egg:core] dump config after ready, 7ms
2019-08-01 17:46:25,021 INFO 13220 [egg:logger] init all loggers with options: {"dir":"E:\\workspace\\egg-demo\\logs\\egg-example","encoding":"utf8","env":"local","level":"INFO","consoleLevel":"INFO","disableConsoleAfterReady":false,"outputJSON":false,"buffer":true,"appLogName":"egg-example-web.log","coreLogName":"egg-web.log","agentLogName":"egg-agent.log","errorLogName":"common-error.log","coreLogger":{"consoleLevel":"WARN"},"allowDebugAtProd":false,"type":"application"}
2019-08-01 17:46:25,059 INFO 13220 [egg-multipart] stream mode enable
2019-08-01 17:46:25,184 INFO 13220 [egg-static] starting static serve /public/ -> E:\workspace\egg-demo\app\public
2019-08-01 17:46:25,189 INFO 13220 [egg-security] use csrf middleware
2019-08-01 17:46:25,192 INFO 13220 [egg-security] use methodnoallow middleware
2019-08-01 17:46:25,193 INFO 13220 [egg-security] use noopen middleware
2019-08-01 17:46:25,195 INFO 13220 [egg-security] use nosniff middleware
2019-08-01 17:46:25,196 INFO 13220 [egg-security] use xssProtection middleware
2019-08-01 17:46:25,197 INFO 13220 [egg-security] use xframe middleware
2019-08-01 17:46:25,197 INFO 13220 [egg-security] use dta middleware
2019-08-01 17:46:25,197 INFO 13220 [egg-security] compose 7 middlewares into one security middleware
2019-08-01 17:46:25,211 INFO 13220 [egg:core] dump config after load, 8ms
2019-08-01 17:46:25,226 INFO 13220 [egg-watcher:application] watcher start success
2019-08-01 17:46:25,237 INFO 13220 [egg:core] dump config after ready, 7ms
2019-08-01 17:46:37,361 INFO 13220 [egg-view-nunjucks] loading templates from ["E:\\workspace\\egg-demo\\app\\view"]
2019-08-01 17:48:22,924 INFO 11368 [egg:logger] init all loggers with options: {"dir":"E:\\workspace\\egg-demo\\logs\\egg-example","encoding":"utf8","env":"local","level":"INFO","consoleLevel":"INFO","disableConsoleAfterReady":false,"outputJSON":false,"buffer":true,"appLogName":"egg-example-web.log","coreLogName":"egg-web.log","agentLogName":"egg-agent.log","errorLogName":"common-error.log","coreLogger":{"consoleLevel":"WARN"},"allowDebugAtProd":false,"type":"application"}
2019-08-01 17:48:22,963 INFO 11368 [egg-multipart] stream mode enable
2019-08-01 17:48:23,085 INFO 11368 [egg-static] starting static serve /public/ -> E:\workspace\egg-demo\app\public
2019-08-01 17:48:23,090 INFO 11368 [egg-security] use csrf middleware
2019-08-01 17:48:23,093 INFO 11368 [egg-security] use methodnoallow middleware
2019-08-01 17:48:23,093 INFO 11368 [egg-security] use noopen middleware
2019-08-01 17:48:23,096 INFO 11368 [egg-security] use nosniff middleware
2019-08-01 17:48:23,096 INFO 11368 [egg-security] use xssProtection middleware
2019-08-01 17:48:23,097 INFO 11368 [egg-security] use xframe middleware
2019-08-01 17:48:23,098 INFO 11368 [egg-security] use dta middleware
2019-08-01 17:48:23,098 INFO 11368 [egg-security] compose 7 middlewares into one security middleware
2019-08-01 17:48:23,110 INFO 11368 [egg:core] dump config after load, 6ms
2019-08-01 17:48:23,121 INFO 11368 [egg-watcher:application] watcher start success
2019-08-01 17:48:23,129 INFO 11368 [egg:core] dump config after ready, 7ms
2019-08-01 17:48:30,851 INFO 17180 [egg:logger] init all loggers with options: {"dir":"E:\\workspace\\egg-demo\\logs\\egg-example","encoding":"utf8","env":"local","level":"INFO","consoleLevel":"INFO","disableConsoleAfterReady":false,"outputJSON":false,"buffer":true,"appLogName":"egg-example-web.log","coreLogName":"egg-web.log","agentLogName":"egg-agent.log","errorLogName":"common-error.log","coreLogger":{"consoleLevel":"WARN"},"allowDebugAtProd":false,"type":"application"}
2019-08-01 17:48:30,890 INFO 17180 [egg-multipart] stream mode enable
2019-08-01 17:48:31,015 INFO 17180 [egg-static] starting static serve /public/ -> E:\workspace\egg-demo\app\public
2019-08-01 17:48:31,023 INFO 17180 [egg-security] use csrf middleware
2019-08-01 17:48:31,025 INFO 17180 [egg-security] use methodnoallow middleware
2019-08-01 17:48:31,026 INFO 17180 [egg-security] use noopen middleware
2019-08-01 17:48:31,029 INFO 17180 [egg-security] use nosniff middleware
2019-08-01 17:48:31,030 INFO 17180 [egg-security] use xssProtection middleware
2019-08-01 17:48:31,031 INFO 17180 [egg-security] use xframe middleware
2019-08-01 17:48:31,031 INFO 17180 [egg-security] use dta middleware
2019-08-01 17:48:31,031 INFO 17180 [egg-security] compose 7 middlewares into one security middleware
2019-08-01 17:48:31,045 INFO 17180 [egg:core] dump config after load, 7ms
2019-08-01 17:48:31,059 INFO 17180 [egg-watcher:application] watcher start success
2019-08-01 17:48:31,070 INFO 17180 [egg:core] dump config after ready, 5ms
2019-08-01 17:48:59,787 INFO 15736 [egg:logger] init all loggers with options: {"dir":"E:\\workspace\\egg-demo\\logs\\egg-example","encoding":"utf8","env":"local","level":"INFO","consoleLevel":"INFO","disableConsoleAfterReady":false,"outputJSON":false,"buffer":true,"appLogName":"egg-example-web.log","coreLogName":"egg-web.log","agentLogName":"egg-agent.log","errorLogName":"common-error.log","coreLogger":{"consoleLevel":"WARN"},"allowDebugAtProd":false,"type":"application"}
2019-08-01 17:48:59,825 INFO 15736 [egg-multipart] stream mode enable
2019-08-01 17:48:59,944 INFO 15736 [egg-static] starting static serve /public/ -> E:\workspace\egg-demo\app\public
2019-08-01 17:48:59,949 INFO 15736 [egg-security] use csrf middleware
2019-08-01 17:48:59,951 INFO 15736 [egg-security] use methodnoallow middleware
2019-08-01 17:48:59,952 INFO 15736 [egg-security] use noopen middleware
2019-08-01 17:48:59,955 INFO 15736 [egg-security] use nosniff middleware
2019-08-01 17:48:59,955 INFO 15736 [egg-security] use xssProtection middleware
2019-08-01 17:48:59,956 INFO 15736 [egg-security] use xframe middleware
2019-08-01 17:48:59,957 INFO 15736 [egg-security] use dta middleware
2019-08-01 17:48:59,957 INFO 15736 [egg-security] compose 7 middlewares into one security middleware
2019-08-01 17:48:59,970 INFO 15736 [egg:core] dump config after load, 7ms
2019-08-01 17:48:59,984 INFO 15736 [egg-watcher:application] watcher start success
2019-08-01 17:48:59,995 INFO 15736 [egg:core] dump config after ready, 6ms
2019-08-01 17:49:40,263 INFO 3248 [egg:logger] init all loggers with options: {"dir":"E:\\workspace\\egg-demo\\logs\\egg-example","encoding":"utf8","env":"local","level":"INFO","consoleLevel":"INFO","disableConsoleAfterReady":false,"outputJSON":false,"buffer":true,"appLogName":"egg-example-web.log","coreLogName":"egg-web.log","agentLogName":"egg-agent.log","errorLogName":"common-error.log","coreLogger":{"consoleLevel":"WARN"},"allowDebugAtProd":false,"type":"application"}
2019-08-01 17:49:40,301 INFO 3248 [egg-multipart] stream mode enable
2019-08-01 17:49:40,420 INFO 3248 [egg-static] starting static serve /public/ -> E:\workspace\egg-demo\app\public
2019-08-01 17:49:40,425 INFO 3248 [egg-security] use csrf middleware
2019-08-01 17:49:40,427 INFO 3248 [egg-security] use methodnoallow middleware
2019-08-01 17:49:40,428 INFO 3248 [egg-security] use noopen middleware
2019-08-01 17:49:40,430 INFO 3248 [egg-security] use nosniff middleware
2019-08-01 17:49:40,431 INFO 3248 [egg-security] use xssProtection middleware
2019-08-01 17:49:40,432 INFO 3248 [egg-security] use xframe middleware
2019-08-01 17:49:40,433 INFO 3248 [egg-security] use dta middleware
2019-08-01 17:49:40,433 INFO 3248 [egg-security] compose 7 middlewares into one security middleware
2019-08-01 17:49:40,445 INFO 3248 [egg:core] dump config after load, 6ms
2019-08-01 17:49:40,455 INFO 3248 [egg-watcher:application] watcher start success
2019-08-01 17:49:40,468 INFO 3248 [egg:core] dump config after ready, 12ms
2019-08-01 17:49:47,703 INFO 12264 [egg:logger] init all loggers with options: {"dir":"E:\\workspace\\egg-demo\\logs\\egg-example","encoding":"utf8","env":"local","level":"INFO","consoleLevel":"INFO","disableConsoleAfterReady":false,"outputJSON":false,"buffer":true,"appLogName":"egg-example-web.log","coreLogName":"egg-web.log","agentLogName":"egg-agent.log","errorLogName":"common-error.log","coreLogger":{"consoleLevel":"WARN"},"allowDebugAtProd":false,"type":"application"}
2019-08-01 17:49:47,754 INFO 12264 [egg-multipart] stream mode enable
2019-08-01 17:49:47,926 INFO 12264 [egg-static] starting static serve /public/ -> E:\workspace\egg-demo\app\public
2019-08-01 17:49:47,932 INFO 12264 [egg-security] use csrf middleware
2019-08-01 17:49:47,935 INFO 12264 [egg-security] use methodnoallow middleware
2019-08-01 17:49:47,936 INFO 12264 [egg-security] use noopen middleware
2019-08-01 17:49:47,940 INFO 12264 [egg-security] use nosniff middleware
2019-08-01 17:49:47,942 INFO 12264 [egg-security] use xssProtection middleware
2019-08-01 17:49:47,943 INFO 12264 [egg-security] use xframe middleware
2019-08-01 17:49:47,945 INFO 12264 [egg-security] use dta middleware
2019-08-01 17:49:47,945 INFO 12264 [egg-security] compose 7 middlewares into one security middleware
2019-08-01 17:49:47,963 INFO 12264 [egg:core] dump config after load, 11ms
2019-08-01 17:49:47,977 INFO 12264 [egg-watcher:application] watcher start success
2019-08-01 17:49:48,001 INFO 12264 [egg:core] dump config after ready, 22ms
2019-08-01 17:49:49,907 INFO 7680 [egg:logger] init all loggers with options: {"dir":"E:\\workspace\\egg-demo\\logs\\egg-example","encoding":"utf8","env":"local","level":"INFO","consoleLevel":"INFO","disableConsoleAfterReady":false,"outputJSON":false,"buffer":true,"appLogName":"egg-example-web.log","coreLogName":"egg-web.log","agentLogName":"egg-agent.log","errorLogName":"common-error.log","coreLogger":{"consoleLevel":"WARN"},"allowDebugAtProd":false,"type":"application"}
2019-08-01 17:49:49,945 INFO 7680 [egg-multipart] stream mode enable
2019-08-01 17:49:50,064 INFO 7680 [egg-static] starting static serve /public/ -> E:\workspace\egg-demo\app\public
2019-08-01 17:49:50,069 INFO 7680 [egg-security] use csrf middleware
2019-08-01 17:49:50,071 INFO 7680 [egg-security] use methodnoallow middleware
2019-08-01 17:49:50,072 INFO 7680 [egg-security] use noopen middleware
2019-08-01 17:49:50,075 INFO 7680 [egg-security] use nosniff middleware
2019-08-01 17:49:50,075 INFO 7680 [egg-security] use xssProtection middleware
2019-08-01 17:49:50,076 INFO 7680 [egg-security] use xframe middleware
2019-08-01 17:49:50,077 INFO 7680 [egg-security] use dta middleware
2019-08-01 17:49:50,077 INFO 7680 [egg-security] compose 7 middlewares into one security middleware
2019-08-01 17:49:50,091 INFO 7680 [egg:core] dump config after load, 8ms
2019-08-01 17:49:50,105 INFO 7680 [egg-watcher:application] watcher start success
2019-08-01 17:49:50,117 INFO 7680 [egg:core] dump config after ready, 6ms
2019-08-01 17:51:25,902 INFO 17640 [egg:logger] init all loggers with options: {"dir":"E:\\workspace\\egg-demo\\logs\\egg-example","encoding":"utf8","env":"local","level":"INFO","consoleLevel":"INFO","disableConsoleAfterReady":false,"outputJSON":false,"buffer":true,"appLogName":"egg-example-web.log","coreLogName":"egg-web.log","agentLogName":"egg-agent.log","errorLogName":"common-error.log","coreLogger":{"consoleLevel":"WARN"},"allowDebugAtProd":false,"type":"application"}
2019-08-01 17:51:25,942 INFO 17640 [egg-multipart] stream mode enable
2019-08-01 17:51:26,069 INFO 17640 [egg-static] starting static serve /public/ -> E:\workspace\egg-demo\app\public
2019-08-01 17:51:26,074 INFO 17640 [egg-security] use csrf middleware
2019-08-01 17:51:26,076 INFO 17640 [egg-security] use methodnoallow middleware
2019-08-01 17:51:26,077 INFO 17640 [egg-security] use noopen middleware
2019-08-01 17:51:26,079 INFO 17640 [egg-security] use nosniff middleware
2019-08-01 17:51:26,080 INFO 17640 [egg-security] use xssProtection middleware
2019-08-01 17:51:26,080 INFO 17640 [egg-security] use xframe middleware
2019-08-01 17:51:26,081 INFO 17640 [egg-security] use dta middleware
2019-08-01 17:51:26,081 INFO 17640 [egg-security] compose 7 middlewares into one security middleware
2019-08-01 17:51:26,095 INFO 17640 [egg:core] dump config after load, 8ms
2019-08-01 17:51:26,109 INFO 17640 [egg-watcher:application] watcher start success
2019-08-01 17:51:26,224 INFO 17640 [egg:core] dump config after ready, 112ms
2019-08-01 17:51:26,354 INFO 17640 [egg-view-nunjucks] loading templates from ["E:\\workspace\\egg-demo\\app\\view"]
2019-08-01 18:00:07,624 INFO 6788 [egg:logger] init all loggers with options: {"dir":"E:\\workspace\\egg-demo\\logs\\egg-example","encoding":"utf8","env":"local","level":"INFO","consoleLevel":"INFO","disableConsoleAfterReady":false,"outputJSON":false,"buffer":true,"appLogName":"egg-example-web.log","coreLogName":"egg-web.log","agentLogName":"egg-agent.log","errorLogName":"common-error.log","coreLogger":{"consoleLevel":"WARN"},"allowDebugAtProd":false,"type":"application"}
2019-08-01 18:00:07,663 INFO 6788 [egg-multipart] stream mode enable
2019-08-01 18:00:07,784 INFO 6788 [egg-static] starting static serve /public/ -> E:\workspace\egg-demo\app\public
2019-08-01 18:00:07,789 INFO 6788 [egg-security] use csrf middleware
2019-08-01 18:00:07,791 INFO 6788 [egg-security] use methodnoallow middleware
2019-08-01 18:00:07,792 INFO 6788 [egg-security] use noopen middleware
2019-08-01 18:00:07,794 INFO 6788 [egg-security] use nosniff middleware
2019-08-01 18:00:07,795 INFO 6788 [egg-security] use xssProtection middleware
2019-08-01 18:00:07,796 INFO 6788 [egg-security] use xframe middleware
2019-08-01 18:00:07,797 INFO 6788 [egg-security] use dta middleware
2019-08-01 18:00:07,797 INFO 6788 [egg-security] compose 7 middlewares into one security middleware
2019-08-01 18:00:07,812 INFO 6788 [egg:core] dump config after load, 8ms
2019-08-01 18:00:07,826 INFO 6788 [egg-watcher:application] watcher start success
2019-08-01 18:00:07,835 INFO 6788 [egg:core] dump config after ready, 5ms
2019-08-01 18:00:20,231 INFO 19088 [egg:logger] init all loggers with options: {"dir":"E:\\workspace\\egg-demo\\logs\\egg-example","encoding":"utf8","env":"local","level":"INFO","consoleLevel":"INFO","disableConsoleAfterReady":false,"outputJSON":false,"buffer":true,"appLogName":"egg-example-web.log","coreLogName":"egg-web.log","agentLogName":"egg-agent.log","errorLogName":"common-error.log","coreLogger":{"consoleLevel":"WARN"},"allowDebugAtProd":false,"type":"application"}
2019-08-01 18:00:20,269 INFO 19088 [egg-multipart] stream mode enable
2019-08-01 18:00:20,392 INFO 19088 [egg-static] starting static serve /public/ -> E:\workspace\egg-demo\app\public
2019-08-01 18:00:20,397 INFO 19088 [egg-security] use csrf middleware
2019-08-01 18:00:20,400 INFO 19088 [egg-security] use methodnoallow middleware
2019-08-01 18:00:20,400 INFO 19088 [egg-security] use noopen middleware
2019-08-01 18:00:20,403 INFO 19088 [egg-security] use nosniff middleware
2019-08-01 18:00:20,403 INFO 19088 [egg-security] use xssProtection middleware
2019-08-01 18:00:20,404 INFO 19088 [egg-security] use xframe middleware
2019-08-01 18:00:20,405 INFO 19088 [egg-security] use dta middleware
2019-08-01 18:00:20,405 INFO 19088 [egg-security] compose 7 middlewares into one security middleware
2019-08-01 18:00:20,417 INFO 19088 [egg:core] dump config after load, 6ms
2019-08-01 18:00:20,427 INFO 19088 [egg-watcher:application] watcher start success
2019-08-01 18:00:20,450 INFO 19088 [egg:core] dump config after ready, 22ms
2019-08-01 18:00:28,876 INFO 8744 [egg:logger] init all loggers with options: {"dir":"E:\\workspace\\egg-demo\\logs\\egg-example","encoding":"utf8","env":"local","level":"INFO","consoleLevel":"INFO","disableConsoleAfterReady":false,"outputJSON":false,"buffer":true,"appLogName":"egg-example-web.log","coreLogName":"egg-web.log","agentLogName":"egg-agent.log","errorLogName":"common-error.log","coreLogger":{"consoleLevel":"WARN"},"allowDebugAtProd":false,"type":"application"}
2019-08-01 18:00:28,914 INFO 8744 [egg-multipart] stream mode enable
2019-08-01 18:00:29,037 INFO 8744 [egg-static] starting static serve /public/ -> E:\workspace\egg-demo\app\public
2019-08-01 18:00:29,042 INFO 8744 [egg-security] use csrf middleware
2019-08-01 18:00:29,044 INFO 8744 [egg-security] use methodnoallow middleware
2019-08-01 18:00:29,045 INFO 8744 [egg-security] use noopen middleware
2019-08-01 18:00:29,048 INFO 8744 [egg-security] use nosniff middleware
2019-08-01 18:00:29,048 INFO 8744 [egg-security] use xssProtection middleware
2019-08-01 18:00:29,049 INFO 8744 [egg-security] use xframe middleware
2019-08-01 18:00:29,050 INFO 8744 [egg-security] use dta middleware
2019-08-01 18:00:29,050 INFO 8744 [egg-security] compose 7 middlewares into one security middleware
2019-08-01 18:00:29,062 INFO 8744 [egg:core] dump config after load, 6ms
2019-08-01 18:00:29,072 INFO 8744 [egg-watcher:application] watcher start success
2019-08-01 18:00:29,080 INFO 8744 [egg:core] dump config after ready, 7ms
2019-08-01 18:00:43,642 INFO 14808 [egg:logger] init all loggers with options: {"dir":"E:\\workspace\\egg-demo\\logs\\egg-example","encoding":"utf8","env":"local","level":"INFO","consoleLevel":"INFO","disableConsoleAfterReady":false,"outputJSON":false,"buffer":true,"appLogName":"egg-example-web.log","coreLogName":"egg-web.log","agentLogName":"egg-agent.log","errorLogName":"common-error.log","coreLogger":{"consoleLevel":"WARN"},"allowDebugAtProd":false,"type":"application"}
2019-08-01 18:00:43,681 INFO 14808 [egg-multipart] stream mode enable
2019-08-01 18:00:43,806 INFO 14808 [egg-static] starting static serve /public/ -> E:\workspace\egg-demo\app\public
2019-08-01 18:00:43,811 INFO 14808 [egg-security] use csrf middleware
2019-08-01 18:00:43,814 INFO 14808 [egg-security] use methodnoallow middleware
2019-08-01 18:00:43,815 INFO 14808 [egg-security] use noopen middleware
2019-08-01 18:00:43,817 INFO 14808 [egg-security] use nosniff middleware
2019-08-01 18:00:43,818 INFO 14808 [egg-security] use xssProtection middleware
2019-08-01 18:00:43,819 INFO 14808 [egg-security] use xframe middleware
2019-08-01 18:00:43,819 INFO 14808 [egg-security] use dta middleware
2019-08-01 18:00:43,819 INFO 14808 [egg-security] compose 7 middlewares into one security middleware
2019-08-01 18:00:43,833 INFO 14808 [egg:core] dump config after load, 8ms
2019-08-01 18:00:43,847 INFO 14808 [egg-watcher:application] watcher start success
2019-08-01 18:00:43,857 INFO 14808 [egg:core] dump config after ready, 4ms
