2019-05-27 15:25:42,779 INFO 10732 [Timer] E:\workspace\egg-example\node_modules\_egg-multipart@2.7.1@egg-multipart\app\schedule\clean_tmpdir.js next time will execute after 47057224ms at 2019-05-28 04:30:00.003
2019-05-27 15:25:42,780 INFO 10732 [Timer] E:\workspace\egg-example\node_modules\_egg-logrotator@3.1.0@egg-logrotator\app\schedule\clean_log.js next time will execute after 30857221ms at 2019-05-28 00:00:00.001
2019-05-27 15:25:42,780 INFO 10732 [Timer] E:\workspace\egg-example\node_modules\_egg-logrotator@3.1.0@egg-logrotator\app\schedule\rotate_by_file.js next time will execute after 30858220ms at 2019-05-28 00:00:01.000
2019-05-27 15:25:42,555 INFO 19772 [egg-schedule]: register schedule E:\workspace\egg-example\node_modules\_egg-multipart@2.7.1@egg-multipart\app\schedule\clean_tmpdir.js
2019-05-27 15:25:42,555 INFO 19772 [egg-schedule]: register schedule E:\workspace\egg-example\node_modules\_egg-logrotator@3.1.0@egg-logrotator\app\schedule\clean_log.js
2019-05-27 15:25:42,555 INFO 19772 [egg-schedule]: register schedule E:\workspace\egg-example\node_modules\_egg-logrotator@3.1.0@egg-logrotator\app\schedule\rotate_by_file.js
2019-05-27 15:29:08,082 INFO 6404 [egg-schedule]: register schedule E:\workspace\egg-example\node_modules\_egg-multipart@2.7.1@egg-multipart\app\schedule\clean_tmpdir.js
2019-05-27 15:29:08,082 INFO 6404 [egg-schedule]: register schedule E:\workspace\egg-example\node_modules\_egg-logrotator@3.1.0@egg-logrotator\app\schedule\clean_log.js
2019-05-27 15:29:08,082 INFO 6404 [egg-schedule]: register schedule E:\workspace\egg-example\node_modules\_egg-logrotator@3.1.0@egg-logrotator\app\schedule\rotate_by_file.js
2019-05-27 15:31:38,499 INFO 15920 [egg-schedule]: register schedule E:\workspace\egg-example\node_modules\_egg-multipart@2.7.1@egg-multipart\app\schedule\clean_tmpdir.js
2019-05-27 15:31:38,499 INFO 15920 [egg-schedule]: register schedule E:\workspace\egg-example\node_modules\_egg-logrotator@3.1.0@egg-logrotator\app\schedule\clean_log.js
2019-05-27 15:31:38,499 INFO 15920 [egg-schedule]: register schedule E:\workspace\egg-example\node_modules\_egg-logrotator@3.1.0@egg-logrotator\app\schedule\rotate_by_file.js
2019-05-27 15:35:52,930 INFO 21336 [egg-schedule]: register schedule E:\workspace\egg-example\node_modules\_egg-multipart@2.7.1@egg-multipart\app\schedule\clean_tmpdir.js
2019-05-27 15:35:52,930 INFO 21336 [egg-schedule]: register schedule E:\workspace\egg-example\node_modules\_egg-logrotator@3.1.0@egg-logrotator\app\schedule\clean_log.js
2019-05-27 15:35:52,930 INFO 21336 [egg-schedule]: register schedule E:\workspace\egg-example\node_modules\_egg-logrotator@3.1.0@egg-logrotator\app\schedule\rotate_by_file.js
2019-05-27 15:35:53,112 INFO 14828 [Timer] E:\workspace\egg-example\node_modules\_egg-multipart@2.7.1@egg-multipart\app\schedule\clean_tmpdir.js next time will execute after 46446891ms at 2019-05-28 04:30:00.003
2019-05-27 15:35:53,112 INFO 14828 [Timer] E:\workspace\egg-example\node_modules\_egg-logrotator@3.1.0@egg-logrotator\app\schedule\clean_log.js next time will execute after 30246888ms at 2019-05-28 00:00:00.000
2019-05-27 15:35:53,112 INFO 14828 [Timer] E:\workspace\egg-example\node_modules\_egg-logrotator@3.1.0@egg-logrotator\app\schedule\rotate_by_file.js next time will execute after 30247888ms at 2019-05-28 00:00:01.000
2019-05-27 15:44:54,648 INFO 6532 [egg-schedule]: register schedule E:\workspace\egg-example\node_modules\_egg-multipart@2.7.1@egg-multipart\app\schedule\clean_tmpdir.js
2019-05-27 15:44:54,648 INFO 6532 [egg-schedule]: register schedule E:\workspace\egg-example\node_modules\_egg-logrotator@3.1.0@egg-logrotator\app\schedule\clean_log.js
2019-05-27 15:44:54,648 INFO 6532 [egg-schedule]: register schedule E:\workspace\egg-example\node_modules\_egg-logrotator@3.1.0@egg-logrotator\app\schedule\rotate_by_file.js
2019-05-27 15:44:54,907 INFO 2256 [Timer] E:\workspace\egg-example\node_modules\_egg-multipart@2.7.1@egg-multipart\app\schedule\clean_tmpdir.js next time will execute after 45905100ms at 2019-05-28 04:30:00.007
2019-05-27 15:44:54,907 INFO 2256 [Timer] E:\workspace\egg-example\node_modules\_egg-logrotator@3.1.0@egg-logrotator\app\schedule\clean_log.js next time will execute after 29705093ms at 2019-05-28 00:00:00.000
2019-05-27 15:44:54,908 INFO 2256 [Timer] E:\workspace\egg-example\node_modules\_egg-logrotator@3.1.0@egg-logrotator\app\schedule\rotate_by_file.js next time will execute after 29706092ms at 2019-05-28 00:00:01.000
2019-05-27 15:45:55,665 INFO 12700 [egg-schedule]: register schedule E:\workspace\egg-example\node_modules\_egg-multipart@2.7.1@egg-multipart\app\schedule\clean_tmpdir.js
2019-05-27 15:45:55,665 INFO 12700 [egg-schedule]: register schedule E:\workspace\egg-example\node_modules\_egg-logrotator@3.1.0@egg-logrotator\app\schedule\clean_log.js
2019-05-27 15:45:55,665 INFO 12700 [egg-schedule]: register schedule E:\workspace\egg-example\node_modules\_egg-logrotator@3.1.0@egg-logrotator\app\schedule\rotate_by_file.js
2019-05-27 15:46:16,503 INFO 13392 [egg-schedule]: register schedule E:\workspace\egg-example\node_modules\_egg-multipart@2.7.1@egg-multipart\app\schedule\clean_tmpdir.js
2019-05-27 15:46:16,503 INFO 13392 [egg-schedule]: register schedule E:\workspace\egg-example\node_modules\_egg-logrotator@3.1.0@egg-logrotator\app\schedule\clean_log.js
2019-05-27 15:46:16,503 INFO 13392 [egg-schedule]: register schedule E:\workspace\egg-example\node_modules\_egg-logrotator@3.1.0@egg-logrotator\app\schedule\rotate_by_file.js
2019-05-27 15:49:59,075 INFO 12224 [egg-schedule]: register schedule E:\workspace\egg-example\node_modules\_egg-multipart@2.7.1@egg-multipart\app\schedule\clean_tmpdir.js
2019-05-27 15:49:59,076 INFO 12224 [egg-schedule]: register schedule E:\workspace\egg-example\node_modules\_egg-logrotator@3.1.0@egg-logrotator\app\schedule\clean_log.js
2019-05-27 15:49:59,076 INFO 12224 [egg-schedule]: register schedule E:\workspace\egg-example\node_modules\_egg-logrotator@3.1.0@egg-logrotator\app\schedule\rotate_by_file.js
2019-05-27 15:50:16,262 INFO 3192 [egg-schedule]: register schedule E:\workspace\egg-example\node_modules\_egg-multipart@2.7.1@egg-multipart\app\schedule\clean_tmpdir.js
2019-05-27 15:50:16,262 INFO 3192 [egg-schedule]: register schedule E:\workspace\egg-example\node_modules\_egg-logrotator@3.1.0@egg-logrotator\app\schedule\clean_log.js
2019-05-27 15:50:16,262 INFO 3192 [egg-schedule]: register schedule E:\workspace\egg-example\node_modules\_egg-logrotator@3.1.0@egg-logrotator\app\schedule\rotate_by_file.js
2019-05-27 15:50:34,982 INFO 16668 [egg-schedule]: register schedule E:\workspace\egg-example\node_modules\_egg-multipart@2.7.1@egg-multipart\app\schedule\clean_tmpdir.js
2019-05-27 15:50:34,983 INFO 16668 [egg-schedule]: register schedule E:\workspace\egg-example\node_modules\_egg-logrotator@3.1.0@egg-logrotator\app\schedule\clean_log.js
2019-05-27 15:50:34,983 INFO 16668 [egg-schedule]: register schedule E:\workspace\egg-example\node_modules\_egg-logrotator@3.1.0@egg-logrotator\app\schedule\rotate_by_file.js
2019-05-27 15:50:45,578 INFO 20712 [egg-schedule]: register schedule E:\workspace\egg-example\node_modules\_egg-multipart@2.7.1@egg-multipart\app\schedule\clean_tmpdir.js
2019-05-27 15:50:45,578 INFO 20712 [egg-schedule]: register schedule E:\workspace\egg-example\node_modules\_egg-logrotator@3.1.0@egg-logrotator\app\schedule\clean_log.js
2019-05-27 15:50:45,578 INFO 20712 [egg-schedule]: register schedule E:\workspace\egg-example\node_modules\_egg-logrotator@3.1.0@egg-logrotator\app\schedule\rotate_by_file.js
2019-05-27 15:50:50,702 INFO 16808 [egg-schedule]: register schedule E:\workspace\egg-example\node_modules\_egg-multipart@2.7.1@egg-multipart\app\schedule\clean_tmpdir.js
2019-05-27 15:50:50,702 INFO 16808 [egg-schedule]: register schedule E:\workspace\egg-example\node_modules\_egg-logrotator@3.1.0@egg-logrotator\app\schedule\clean_log.js
2019-05-27 15:50:50,702 INFO 16808 [egg-schedule]: register schedule E:\workspace\egg-example\node_modules\_egg-logrotator@3.1.0@egg-logrotator\app\schedule\rotate_by_file.js
2019-05-27 15:52:52,557 INFO 3772 [egg-schedule]: register schedule E:\workspace\egg-example\node_modules\_egg-multipart@2.7.1@egg-multipart\app\schedule\clean_tmpdir.js
2019-05-27 15:52:52,557 INFO 3772 [egg-schedule]: register schedule E:\workspace\egg-example\node_modules\_egg-logrotator@3.1.0@egg-logrotator\app\schedule\clean_log.js
2019-05-27 15:52:52,557 INFO 3772 [egg-schedule]: register schedule E:\workspace\egg-example\node_modules\_egg-logrotator@3.1.0@egg-logrotator\app\schedule\rotate_by_file.js
2019-05-27 15:53:25,241 INFO 18276 [egg-schedule]: register schedule E:\workspace\egg-example\node_modules\_egg-multipart@2.7.1@egg-multipart\app\schedule\clean_tmpdir.js
2019-05-27 15:53:25,241 INFO 18276 [egg-schedule]: register schedule E:\workspace\egg-example\node_modules\_egg-logrotator@3.1.0@egg-logrotator\app\schedule\clean_log.js
2019-05-27 15:53:25,241 INFO 18276 [egg-schedule]: register schedule E:\workspace\egg-example\node_modules\_egg-logrotator@3.1.0@egg-logrotator\app\schedule\rotate_by_file.js
2019-05-27 15:53:46,748 INFO 12444 [egg-schedule]: register schedule E:\workspace\egg-example\node_modules\_egg-multipart@2.7.1@egg-multipart\app\schedule\clean_tmpdir.js
2019-05-27 15:53:46,748 INFO 12444 [egg-schedule]: register schedule E:\workspace\egg-example\node_modules\_egg-logrotator@3.1.0@egg-logrotator\app\schedule\clean_log.js
2019-05-27 15:53:46,748 INFO 12444 [egg-schedule]: register schedule E:\workspace\egg-example\node_modules\_egg-logrotator@3.1.0@egg-logrotator\app\schedule\rotate_by_file.js
2019-05-27 15:54:41,403 INFO 9228 [egg-schedule]: register schedule E:\workspace\egg-example\node_modules\_egg-multipart@2.7.1@egg-multipart\app\schedule\clean_tmpdir.js
2019-05-27 15:54:41,404 INFO 9228 [egg-schedule]: register schedule E:\workspace\egg-example\node_modules\_egg-logrotator@3.1.0@egg-logrotator\app\schedule\clean_log.js
2019-05-27 15:54:41,404 INFO 9228 [egg-schedule]: register schedule E:\workspace\egg-example\node_modules\_egg-logrotator@3.1.0@egg-logrotator\app\schedule\rotate_by_file.js
2019-05-27 15:56:00,527 INFO 4352 [egg-schedule]: register schedule E:\workspace\egg-example\node_modules\_egg-multipart@2.7.1@egg-multipart\app\schedule\clean_tmpdir.js
2019-05-27 15:56:00,527 INFO 4352 [egg-schedule]: register schedule E:\workspace\egg-example\node_modules\_egg-logrotator@3.1.0@egg-logrotator\app\schedule\clean_log.js
2019-05-27 15:56:00,528 INFO 4352 [egg-schedule]: register schedule E:\workspace\egg-example\node_modules\_egg-logrotator@3.1.0@egg-logrotator\app\schedule\rotate_by_file.js
2019-05-27 15:57:21,823 INFO 22116 [egg-schedule]: register schedule E:\workspace\egg-example\node_modules\_egg-multipart@2.7.1@egg-multipart\app\schedule\clean_tmpdir.js
2019-05-27 15:57:21,823 INFO 22116 [egg-schedule]: register schedule E:\workspace\egg-example\node_modules\_egg-logrotator@3.1.0@egg-logrotator\app\schedule\clean_log.js
2019-05-27 15:57:21,823 INFO 22116 [egg-schedule]: register schedule E:\workspace\egg-example\node_modules\_egg-logrotator@3.1.0@egg-logrotator\app\schedule\rotate_by_file.js
2019-05-27 16:14:01,545 INFO 23092 [egg-schedule]: register schedule E:\workspace\egg-example\node_modules\_egg-multipart@2.7.1@egg-multipart\app\schedule\clean_tmpdir.js
2019-05-27 16:14:01,545 INFO 23092 [egg-schedule]: register schedule E:\workspace\egg-example\node_modules\_egg-logrotator@3.1.0@egg-logrotator\app\schedule\clean_log.js
2019-05-27 16:14:01,545 INFO 23092 [egg-schedule]: register schedule E:\workspace\egg-example\node_modules\_egg-logrotator@3.1.0@egg-logrotator\app\schedule\rotate_by_file.js
2019-05-27 16:14:16,270 INFO 17660 [egg-schedule]: register schedule E:\workspace\egg-example\node_modules\_egg-multipart@2.7.1@egg-multipart\app\schedule\clean_tmpdir.js
2019-05-27 16:14:16,270 INFO 17660 [egg-schedule]: register schedule E:\workspace\egg-example\node_modules\_egg-logrotator@3.1.0@egg-logrotator\app\schedule\clean_log.js
2019-05-27 16:14:16,270 INFO 17660 [egg-schedule]: register schedule E:\workspace\egg-example\node_modules\_egg-logrotator@3.1.0@egg-logrotator\app\schedule\rotate_by_file.js
2019-08-01 15:07:15,147 INFO 18004 [Timer] E:\workspace\egg-demo\node_modules\_egg-multipart@2.7.1@egg-multipart\app\schedule\clean_tmpdir.js next time will execute after 48164858ms at 2019-08-02 04:30:00.005
2019-08-01 15:07:15,148 INFO 18004 [Timer] E:\workspace\egg-demo\node_modules\_egg-logrotator@3.1.0@egg-logrotator\app\schedule\clean_log.js next time will execute after 31964852ms at 2019-08-02 00:00:00.000
2019-08-01 15:07:15,148 INFO 18004 [Timer] E:\workspace\egg-demo\node_modules\_egg-logrotator@3.1.0@egg-logrotator\app\schedule\rotate_by_file.js next time will execute after 31965852ms at 2019-08-02 00:00:01.000
2019-08-01 15:07:14,826 INFO 27620 [egg-schedule]: register schedule E:\workspace\egg-demo\node_modules\_egg-multipart@2.7.1@egg-multipart\app\schedule\clean_tmpdir.js
2019-08-01 15:07:14,826 INFO 27620 [egg-schedule]: register schedule E:\workspace\egg-demo\node_modules\_egg-logrotator@3.1.0@egg-logrotator\app\schedule\clean_log.js
2019-08-01 15:07:14,826 INFO 27620 [egg-schedule]: register schedule E:\workspace\egg-demo\node_modules\_egg-logrotator@3.1.0@egg-logrotator\app\schedule\rotate_by_file.js
2019-08-01 15:07:17,045 INFO 23264 [egg-schedule]: register schedule E:\workspace\egg-demo\node_modules\_egg-multipart@2.7.1@egg-multipart\app\schedule\clean_tmpdir.js
2019-08-01 15:07:17,045 INFO 23264 [egg-schedule]: register schedule E:\workspace\egg-demo\node_modules\_egg-logrotator@3.1.0@egg-logrotator\app\schedule\clean_log.js
2019-08-01 15:07:17,045 INFO 23264 [egg-schedule]: register schedule E:\workspace\egg-demo\node_modules\_egg-logrotator@3.1.0@egg-logrotator\app\schedule\rotate_by_file.js
2019-08-01 15:07:19,170 INFO 24164 [egg-schedule]: register schedule E:\workspace\egg-demo\node_modules\_egg-multipart@2.7.1@egg-multipart\app\schedule\clean_tmpdir.js
2019-08-01 15:07:19,170 INFO 24164 [egg-schedule]: register schedule E:\workspace\egg-demo\node_modules\_egg-logrotator@3.1.0@egg-logrotator\app\schedule\clean_log.js
2019-08-01 15:07:19,170 INFO 24164 [egg-schedule]: register schedule E:\workspace\egg-demo\node_modules\_egg-logrotator@3.1.0@egg-logrotator\app\schedule\rotate_by_file.js
2019-08-01 17:32:48,529 INFO 6504 [egg-schedule]: register schedule E:\workspace\egg-demo\node_modules\_egg-multipart@2.7.1@egg-multipart\app\schedule\clean_tmpdir.js
2019-08-01 17:32:48,529 INFO 6504 [egg-schedule]: register schedule E:\workspace\egg-demo\node_modules\_egg-logrotator@3.1.0@egg-logrotator\app\schedule\clean_log.js
2019-08-01 17:32:48,529 INFO 6504 [egg-schedule]: register schedule E:\workspace\egg-demo\node_modules\_egg-logrotator@3.1.0@egg-logrotator\app\schedule\rotate_by_file.js
2019-08-01 17:32:49,256 INFO 18864 [Timer] E:\workspace\egg-demo\node_modules\_egg-multipart@2.7.1@egg-multipart\app\schedule\clean_tmpdir.js next time will execute after 39430749ms at 2019-08-02 04:30:00.005
2019-08-01 17:32:49,257 INFO 18864 [Timer] E:\workspace\egg-demo\node_modules\_egg-logrotator@3.1.0@egg-logrotator\app\schedule\clean_log.js next time will execute after 23230743ms at 2019-08-02 00:00:00.000
2019-08-01 17:32:49,258 INFO 18864 [Timer] E:\workspace\egg-demo\node_modules\_egg-logrotator@3.1.0@egg-logrotator\app\schedule\rotate_by_file.js next time will execute after 23231743ms at 2019-08-02 00:00:01.001
2019-08-01 17:43:48,526 INFO 10896 [egg-schedule]: register schedule E:\workspace\egg-demo\node_modules\_egg-multipart@2.7.1@egg-multipart\app\schedule\clean_tmpdir.js
2019-08-01 17:43:48,526 INFO 10896 [egg-schedule]: register schedule E:\workspace\egg-demo\node_modules\_egg-logrotator@3.1.0@egg-logrotator\app\schedule\clean_log.js
2019-08-01 17:43:48,526 INFO 10896 [egg-schedule]: register schedule E:\workspace\egg-demo\node_modules\_egg-logrotator@3.1.0@egg-logrotator\app\schedule\rotate_by_file.js
2019-08-01 17:43:48,722 INFO 18528 [Timer] E:\workspace\egg-demo\node_modules\_egg-multipart@2.7.1@egg-multipart\app\schedule\clean_tmpdir.js next time will execute after 38771284ms at 2019-08-02 04:30:00.006
2019-08-01 17:43:48,723 INFO 18528 [Timer] E:\workspace\egg-demo\node_modules\_egg-logrotator@3.1.0@egg-logrotator\app\schedule\clean_log.js next time will execute after 22571278ms at 2019-08-02 00:00:00.001
2019-08-01 17:43:48,724 INFO 18528 [Timer] E:\workspace\egg-demo\node_modules\_egg-logrotator@3.1.0@egg-logrotator\app\schedule\rotate_by_file.js next time will execute after 22572277ms at 2019-08-02 00:00:01.001
2019-08-01 17:44:34,133 INFO 18176 [egg-schedule]: register schedule E:\workspace\egg-demo\node_modules\_egg-multipart@2.7.1@egg-multipart\app\schedule\clean_tmpdir.js
2019-08-01 17:44:34,133 INFO 18176 [egg-schedule]: register schedule E:\workspace\egg-demo\node_modules\_egg-logrotator@3.1.0@egg-logrotator\app\schedule\clean_log.js
2019-08-01 17:44:34,133 INFO 18176 [egg-schedule]: register schedule E:\workspace\egg-demo\node_modules\_egg-logrotator@3.1.0@egg-logrotator\app\schedule\rotate_by_file.js
2019-08-01 17:44:36,504 INFO 15052 [egg-schedule]: register schedule E:\workspace\egg-demo\node_modules\_egg-multipart@2.7.1@egg-multipart\app\schedule\clean_tmpdir.js
2019-08-01 17:44:36,504 INFO 15052 [egg-schedule]: register schedule E:\workspace\egg-demo\node_modules\_egg-logrotator@3.1.0@egg-logrotator\app\schedule\clean_log.js
2019-08-01 17:44:36,504 INFO 15052 [egg-schedule]: register schedule E:\workspace\egg-demo\node_modules\_egg-logrotator@3.1.0@egg-logrotator\app\schedule\rotate_by_file.js
2019-08-01 17:45:54,281 INFO 9252 [egg-schedule]: register schedule E:\workspace\egg-demo\node_modules\_egg-multipart@2.7.1@egg-multipart\app\schedule\clean_tmpdir.js
2019-08-01 17:45:54,281 INFO 9252 [egg-schedule]: register schedule E:\workspace\egg-demo\node_modules\_egg-logrotator@3.1.0@egg-logrotator\app\schedule\clean_log.js
2019-08-01 17:45:54,281 INFO 9252 [egg-schedule]: register schedule E:\workspace\egg-demo\node_modules\_egg-logrotator@3.1.0@egg-logrotator\app\schedule\rotate_by_file.js
2019-08-01 17:46:15,216 INFO 2792 [egg-schedule]: register schedule E:\workspace\egg-demo\node_modules\_egg-multipart@2.7.1@egg-multipart\app\schedule\clean_tmpdir.js
2019-08-01 17:46:15,216 INFO 2792 [egg-schedule]: register schedule E:\workspace\egg-demo\node_modules\_egg-logrotator@3.1.0@egg-logrotator\app\schedule\clean_log.js
2019-08-01 17:46:15,216 INFO 2792 [egg-schedule]: register schedule E:\workspace\egg-demo\node_modules\_egg-logrotator@3.1.0@egg-logrotator\app\schedule\rotate_by_file.js
2019-08-01 17:46:25,059 INFO 13220 [egg-schedule]: register schedule E:\workspace\egg-demo\node_modules\_egg-multipart@2.7.1@egg-multipart\app\schedule\clean_tmpdir.js
2019-08-01 17:46:25,059 INFO 13220 [egg-schedule]: register schedule E:\workspace\egg-demo\node_modules\_egg-logrotator@3.1.0@egg-logrotator\app\schedule\clean_log.js
2019-08-01 17:46:25,059 INFO 13220 [egg-schedule]: register schedule E:\workspace\egg-demo\node_modules\_egg-logrotator@3.1.0@egg-logrotator\app\schedule\rotate_by_file.js
2019-08-01 17:48:22,962 INFO 11368 [egg-schedule]: register schedule E:\workspace\egg-demo\node_modules\_egg-multipart@2.7.1@egg-multipart\app\schedule\clean_tmpdir.js
2019-08-01 17:48:22,962 INFO 11368 [egg-schedule]: register schedule E:\workspace\egg-demo\node_modules\_egg-logrotator@3.1.0@egg-logrotator\app\schedule\clean_log.js
2019-08-01 17:48:22,962 INFO 11368 [egg-schedule]: register schedule E:\workspace\egg-demo\node_modules\_egg-logrotator@3.1.0@egg-logrotator\app\schedule\rotate_by_file.js
2019-08-01 17:48:30,890 INFO 17180 [egg-schedule]: register schedule E:\workspace\egg-demo\node_modules\_egg-multipart@2.7.1@egg-multipart\app\schedule\clean_tmpdir.js
2019-08-01 17:48:30,890 INFO 17180 [egg-schedule]: register schedule E:\workspace\egg-demo\node_modules\_egg-logrotator@3.1.0@egg-logrotator\app\schedule\clean_log.js
2019-08-01 17:48:30,890 INFO 17180 [egg-schedule]: register schedule E:\workspace\egg-demo\node_modules\_egg-logrotator@3.1.0@egg-logrotator\app\schedule\rotate_by_file.js
2019-08-01 17:48:59,824 INFO 15736 [egg-schedule]: register schedule E:\workspace\egg-demo\node_modules\_egg-multipart@2.7.1@egg-multipart\app\schedule\clean_tmpdir.js
2019-08-01 17:48:59,824 INFO 15736 [egg-schedule]: register schedule E:\workspace\egg-demo\node_modules\_egg-logrotator@3.1.0@egg-logrotator\app\schedule\clean_log.js
2019-08-01 17:48:59,824 INFO 15736 [egg-schedule]: register schedule E:\workspace\egg-demo\node_modules\_egg-logrotator@3.1.0@egg-logrotator\app\schedule\rotate_by_file.js
2019-08-01 17:49:40,300 INFO 3248 [egg-schedule]: register schedule E:\workspace\egg-demo\node_modules\_egg-multipart@2.7.1@egg-multipart\app\schedule\clean_tmpdir.js
2019-08-01 17:49:40,300 INFO 3248 [egg-schedule]: register schedule E:\workspace\egg-demo\node_modules\_egg-logrotator@3.1.0@egg-logrotator\app\schedule\clean_log.js
2019-08-01 17:49:40,300 INFO 3248 [egg-schedule]: register schedule E:\workspace\egg-demo\node_modules\_egg-logrotator@3.1.0@egg-logrotator\app\schedule\rotate_by_file.js
2019-08-01 17:49:47,753 INFO 12264 [egg-schedule]: register schedule E:\workspace\egg-demo\node_modules\_egg-multipart@2.7.1@egg-multipart\app\schedule\clean_tmpdir.js
2019-08-01 17:49:47,753 INFO 12264 [egg-schedule]: register schedule E:\workspace\egg-demo\node_modules\_egg-logrotator@3.1.0@egg-logrotator\app\schedule\clean_log.js
2019-08-01 17:49:47,753 INFO 12264 [egg-schedule]: register schedule E:\workspace\egg-demo\node_modules\_egg-logrotator@3.1.0@egg-logrotator\app\schedule\rotate_by_file.js
2019-08-01 17:49:49,944 INFO 7680 [egg-schedule]: register schedule E:\workspace\egg-demo\node_modules\_egg-multipart@2.7.1@egg-multipart\app\schedule\clean_tmpdir.js
2019-08-01 17:49:49,944 INFO 7680 [egg-schedule]: register schedule E:\workspace\egg-demo\node_modules\_egg-logrotator@3.1.0@egg-logrotator\app\schedule\clean_log.js
2019-08-01 17:49:49,944 INFO 7680 [egg-schedule]: register schedule E:\workspace\egg-demo\node_modules\_egg-logrotator@3.1.0@egg-logrotator\app\schedule\rotate_by_file.js
2019-08-01 17:51:25,942 INFO 17640 [egg-schedule]: register schedule E:\workspace\egg-demo\node_modules\_egg-multipart@2.7.1@egg-multipart\app\schedule\clean_tmpdir.js
2019-08-01 17:51:25,942 INFO 17640 [egg-schedule]: register schedule E:\workspace\egg-demo\node_modules\_egg-logrotator@3.1.0@egg-logrotator\app\schedule\clean_log.js
2019-08-01 17:51:25,942 INFO 17640 [egg-schedule]: register schedule E:\workspace\egg-demo\node_modules\_egg-logrotator@3.1.0@egg-logrotator\app\schedule\rotate_by_file.js
2019-08-01 18:00:07,662 INFO 6788 [egg-schedule]: register schedule E:\workspace\egg-demo\node_modules\_egg-multipart@2.7.1@egg-multipart\app\schedule\clean_tmpdir.js
2019-08-01 18:00:07,662 INFO 6788 [egg-schedule]: register schedule E:\workspace\egg-demo\node_modules\_egg-logrotator@3.1.0@egg-logrotator\app\schedule\clean_log.js
2019-08-01 18:00:07,662 INFO 6788 [egg-schedule]: register schedule E:\workspace\egg-demo\node_modules\_egg-logrotator@3.1.0@egg-logrotator\app\schedule\rotate_by_file.js
2019-08-01 18:00:20,268 INFO 19088 [egg-schedule]: register schedule E:\workspace\egg-demo\node_modules\_egg-multipart@2.7.1@egg-multipart\app\schedule\clean_tmpdir.js
2019-08-01 18:00:20,268 INFO 19088 [egg-schedule]: register schedule E:\workspace\egg-demo\node_modules\_egg-logrotator@3.1.0@egg-logrotator\app\schedule\clean_log.js
2019-08-01 18:00:20,268 INFO 19088 [egg-schedule]: register schedule E:\workspace\egg-demo\node_modules\_egg-logrotator@3.1.0@egg-logrotator\app\schedule\rotate_by_file.js
2019-08-01 18:00:28,914 INFO 8744 [egg-schedule]: register schedule E:\workspace\egg-demo\node_modules\_egg-multipart@2.7.1@egg-multipart\app\schedule\clean_tmpdir.js
2019-08-01 18:00:28,914 INFO 8744 [egg-schedule]: register schedule E:\workspace\egg-demo\node_modules\_egg-logrotator@3.1.0@egg-logrotator\app\schedule\clean_log.js
2019-08-01 18:00:28,914 INFO 8744 [egg-schedule]: register schedule E:\workspace\egg-demo\node_modules\_egg-logrotator@3.1.0@egg-logrotator\app\schedule\rotate_by_file.js
2019-08-01 18:00:43,681 INFO 14808 [egg-schedule]: register schedule E:\workspace\egg-demo\node_modules\_egg-multipart@2.7.1@egg-multipart\app\schedule\clean_tmpdir.js
2019-08-01 18:00:43,681 INFO 14808 [egg-schedule]: register schedule E:\workspace\egg-demo\node_modules\_egg-logrotator@3.1.0@egg-logrotator\app\schedule\clean_log.js
2019-08-01 18:00:43,681 INFO 14808 [egg-schedule]: register schedule E:\workspace\egg-demo\node_modules\_egg-logrotator@3.1.0@egg-logrotator\app\schedule\rotate_by_file.js
